
*** Running vivado
    with args -log design_2_wrapper.vds -m64 -product Vivado -mode batch -messageDb vivado.pb -notrace -source design_2_wrapper.tcl


ECHO is off.
ECHO is off.

****** Vivado v2023.2 (64-bit)
  **** SW Build 4029153 on Fri Oct 13 20:14:34 MDT 2023
  **** IP Build 4028589 on Sat Oct 14 00:45:43 MDT 2023
  **** SharedData Build 4025554 on Tue Oct 10 17:18:54 MDT 2023
    ** Copyright 1986-2022 Xilinx, Inc. All Rights Reserved.
    ** Copyright 2022-2023 Advanced Micro Devices, Inc. All Rights Reserved.

source design_2_wrapper.tcl -notrace
create_project: Time (s): cpu = 00:00:04 ; elapsed = 00:00:09 . Memory (MB): peak = 483.562 ; gain = 176.520
INFO: [IP_Flow 19-234] Refreshing IP repositories
INFO: [IP_Flow 19-1700] Loaded user IP repository 'c:/Users/JosephThompson/VivadoProjects/Nexys-Video-AXI-PS2-Keyboard-2018.2-1'.
INFO: [IP_Flow 19-1700] Loaded user IP repository 'c:/Users/JosephThompson/AppData/Roaming/Xilinx/ip_repo'.
INFO: [IP_Flow 19-2313] Loaded Vivado IP repository 'C:/Xilinx/Vivado/2023.2/data/ip'.
WARNING: [IP_Flow 19-4995] The host OS only allows 260 characters in a normal path. The IP cache path is more than 80 characters. If you experience issues with IP caching, please consider changing the IP cache to a location with a shorter path. Alternately consider using the OS subst command to map part of the path to a drive letter. 
Current IP cache path is c:/Users/JosephThompson/VivadoProjects/Basys3_bd_withGPIO/Basys3_bd_withGPIO.cache/ip 
Command: read_checkpoint -auto_incremental -incremental C:/Users/JosephThompson/VivadoProjects/Basys3_bd_withGPIO/Basys3_bd_withGPIO.srcs/utils_1/imports/synth_1/design_1_wrapper.dcp
INFO: [Vivado 12-5825] Read reference checkpoint from C:/Users/JosephThompson/VivadoProjects/Basys3_bd_withGPIO/Basys3_bd_withGPIO.srcs/utils_1/imports/synth_1/design_1_wrapper.dcp for incremental synthesis
INFO: [Vivado 12-7989] Please ensure there are no constraint changes
Command: synth_design -top design_2_wrapper -part xc7a35tcpg236-1
Starting synth_design
Attempting to get a license for feature 'Synthesis' and/or device 'xc7a35t'
INFO: [Common 17-349] Got license for feature 'Synthesis' and/or device 'xc7a35t'
INFO: [Device 21-403] Loading part xc7a35tcpg236-1
INFO: [Designutils 20-5440] No compile time benefit to using incremental synthesis; A full resynthesis will be run
INFO: [Designutils 20-4379] Flow is switching to default flow due to incremental criteria not met. If you would like to alter this behaviour and have the flow terminate instead, please set the following parameter config_implementation {autoIncr.Synth.RejectBehavior Terminate}
INFO: [Synth 8-7079] Multithreading enabled for synth_design using a maximum of 2 processes.
INFO: [Synth 8-7078] Launching helper process for spawning children vivado processes
INFO: [Synth 8-7075] Helper process launched with PID 42028
---------------------------------------------------------------------------------
Starting RTL Elaboration : Time (s): cpu = 00:00:02 ; elapsed = 00:00:05 . Memory (MB): peak = 1364.094 ; gain = 440.363
---------------------------------------------------------------------------------
INFO: [Synth 8-6157] synthesizing module 'design_2_wrapper' [C:/Users/JosephThompson/VivadoProjects/Basys3_bd_withGPIO/Basys3_bd_withGPIO.gen/sources_1/bd/design_2/hdl/design_2_wrapper.v:13]
INFO: [Synth 8-6157] synthesizing module 'IOBUF' [C:/Xilinx/Vivado/2023.2/scripts/rt/data/unisim_comp.v:78197]
INFO: [Synth 8-6155] done synthesizing module 'IOBUF' (0#1) [C:/Xilinx/Vivado/2023.2/scripts/rt/data/unisim_comp.v:78197]
INFO: [Synth 8-6157] synthesizing module 'design_2' [c:/Users/JosephThompson/VivadoProjects/Basys3_bd_withGPIO/Basys3_bd_withGPIO.gen/sources_1/bd/design_2/synth/design_2.v:13]
INFO: [Synth 8-6157] synthesizing module 'design_2_axi_bram_ctrl_0_0' [C:/Users/JosephThompson/VivadoProjects/Basys3_bd_withGPIO/Basys3_bd_withGPIO.runs/synth_1/.Xil/Vivado-43572-MSI/realtime/design_2_axi_bram_ctrl_0_0_stub.v:6]
INFO: [Synth 8-6155] done synthesizing module 'design_2_axi_bram_ctrl_0_0' (0#1) [C:/Users/JosephThompson/VivadoProjects/Basys3_bd_withGPIO/Basys3_bd_withGPIO.runs/synth_1/.Xil/Vivado-43572-MSI/realtime/design_2_axi_bram_ctrl_0_0_stub.v:6]
INFO: [Synth 8-6157] synthesizing module 'design_2_axi_gpio_0_1' [C:/Users/JosephThompson/VivadoProjects/Basys3_bd_withGPIO/Basys3_bd_withGPIO.runs/synth_1/.Xil/Vivado-43572-MSI/realtime/design_2_axi_gpio_0_1_stub.v:6]
INFO: [Synth 8-6155] done synthesizing module 'design_2_axi_gpio_0_1' (0#1) [C:/Users/JosephThompson/VivadoProjects/Basys3_bd_withGPIO/Basys3_bd_withGPIO.runs/synth_1/.Xil/Vivado-43572-MSI/realtime/design_2_axi_gpio_0_1_stub.v:6]
INFO: [Synth 8-6157] synthesizing module 'design_2_axi_gpio_1_0' [C:/Users/JosephThompson/VivadoProjects/Basys3_bd_withGPIO/Basys3_bd_withGPIO.runs/synth_1/.Xil/Vivado-43572-MSI/realtime/design_2_axi_gpio_1_0_stub.v:6]
INFO: [Synth 8-6155] done synthesizing module 'design_2_axi_gpio_1_0' (0#1) [C:/Users/JosephThompson/VivadoProjects/Basys3_bd_withGPIO/Basys3_bd_withGPIO.runs/synth_1/.Xil/Vivado-43572-MSI/realtime/design_2_axi_gpio_1_0_stub.v:6]
INFO: [Synth 8-6157] synthesizing module 'design_2_axi_ps2_0_0' [C:/Users/JosephThompson/VivadoProjects/Basys3_bd_withGPIO/Basys3_bd_withGPIO.runs/synth_1/.Xil/Vivado-43572-MSI/realtime/design_2_axi_ps2_0_0_stub.v:6]
INFO: [Synth 8-6155] done synthesizing module 'design_2_axi_ps2_0_0' (0#1) [C:/Users/JosephThompson/VivadoProjects/Basys3_bd_withGPIO/Basys3_bd_withGPIO.runs/synth_1/.Xil/Vivado-43572-MSI/realtime/design_2_axi_ps2_0_0_stub.v:6]
INFO: [Synth 8-6157] synthesizing module 'design_2_axi_timer_0_0' [C:/Users/JosephThompson/VivadoProjects/Basys3_bd_withGPIO/Basys3_bd_withGPIO.runs/synth_1/.Xil/Vivado-43572-MSI/realtime/design_2_axi_timer_0_0_stub.v:6]
INFO: [Synth 8-6155] done synthesizing module 'design_2_axi_timer_0_0' (0#1) [C:/Users/JosephThompson/VivadoProjects/Basys3_bd_withGPIO/Basys3_bd_withGPIO.runs/synth_1/.Xil/Vivado-43572-MSI/realtime/design_2_axi_timer_0_0_stub.v:6]
WARNING: [Synth 8-7071] port 'generateout0' of module 'design_2_axi_timer_0_0' is unconnected for instance 'axi_timer_0' [c:/Users/JosephThompson/VivadoProjects/Basys3_bd_withGPIO/Basys3_bd_withGPIO.gen/sources_1/bd/design_2/synth/design_2.v:435]
WARNING: [Synth 8-7071] port 'generateout1' of module 'design_2_axi_timer_0_0' is unconnected for instance 'axi_timer_0' [c:/Users/JosephThompson/VivadoProjects/Basys3_bd_withGPIO/Basys3_bd_withGPIO.gen/sources_1/bd/design_2/synth/design_2.v:435]
WARNING: [Synth 8-7071] port 'pwm0' of module 'design_2_axi_timer_0_0' is unconnected for instance 'axi_timer_0' [c:/Users/JosephThompson/VivadoProjects/Basys3_bd_withGPIO/Basys3_bd_withGPIO.gen/sources_1/bd/design_2/synth/design_2.v:435]
WARNING: [Synth 8-7023] instance 'axi_timer_0' of module 'design_2_axi_timer_0_0' has 26 connections declared, but only 23 given [c:/Users/JosephThompson/VivadoProjects/Basys3_bd_withGPIO/Basys3_bd_withGPIO.gen/sources_1/bd/design_2/synth/design_2.v:435]
INFO: [Synth 8-6157] synthesizing module 'design_2_axi_uartlite_0_0' [C:/Users/JosephThompson/VivadoProjects/Basys3_bd_withGPIO/Basys3_bd_withGPIO.runs/synth_1/.Xil/Vivado-43572-MSI/realtime/design_2_axi_uartlite_0_0_stub.v:6]
INFO: [Synth 8-6155] done synthesizing module 'design_2_axi_uartlite_0_0' (0#1) [C:/Users/JosephThompson/VivadoProjects/Basys3_bd_withGPIO/Basys3_bd_withGPIO.runs/synth_1/.Xil/Vivado-43572-MSI/realtime/design_2_axi_uartlite_0_0_stub.v:6]
INFO: [Synth 8-6157] synthesizing module 'design_2_blk_mem_gen_0_0' [C:/Users/JosephThompson/VivadoProjects/Basys3_bd_withGPIO/Basys3_bd_withGPIO.runs/synth_1/.Xil/Vivado-43572-MSI/realtime/design_2_blk_mem_gen_0_0_stub.v:6]
INFO: [Synth 8-6155] done synthesizing module 'design_2_blk_mem_gen_0_0' (0#1) [C:/Users/JosephThompson/VivadoProjects/Basys3_bd_withGPIO/Basys3_bd_withGPIO.runs/synth_1/.Xil/Vivado-43572-MSI/realtime/design_2_blk_mem_gen_0_0_stub.v:6]
WARNING: [Synth 8-7071] port 'rsta_busy' of module 'design_2_blk_mem_gen_0_0' is unconnected for instance 'blk_mem_gen_0' [c:/Users/JosephThompson/VivadoProjects/Basys3_bd_withGPIO/Basys3_bd_withGPIO.gen/sources_1/bd/design_2/synth/design_2.v:482]
WARNING: [Synth 8-7071] port 'rstb_busy' of module 'design_2_blk_mem_gen_0_0' is unconnected for instance 'blk_mem_gen_0' [c:/Users/JosephThompson/VivadoProjects/Basys3_bd_withGPIO/Basys3_bd_withGPIO.gen/sources_1/bd/design_2/synth/design_2.v:482]
WARNING: [Synth 8-7023] instance 'blk_mem_gen_0' of module 'design_2_blk_mem_gen_0_0' has 16 connections declared, but only 14 given [c:/Users/JosephThompson/VivadoProjects/Basys3_bd_withGPIO/Basys3_bd_withGPIO.gen/sources_1/bd/design_2/synth/design_2.v:482]
INFO: [Synth 8-6157] synthesizing module 'design_2_clk_wiz_0_0' [C:/Users/JosephThompson/VivadoProjects/Basys3_bd_withGPIO/Basys3_bd_withGPIO.runs/synth_1/.Xil/Vivado-43572-MSI/realtime/design_2_clk_wiz_0_0_stub.v:6]
INFO: [Synth 8-6155] done synthesizing module 'design_2_clk_wiz_0_0' (0#1) [C:/Users/JosephThompson/VivadoProjects/Basys3_bd_withGPIO/Basys3_bd_withGPIO.runs/synth_1/.Xil/Vivado-43572-MSI/realtime/design_2_clk_wiz_0_0_stub.v:6]
INFO: [Synth 8-6157] synthesizing module 'design_2_mdm_1_0' [C:/Users/JosephThompson/VivadoProjects/Basys3_bd_withGPIO/Basys3_bd_withGPIO.runs/synth_1/.Xil/Vivado-43572-MSI/realtime/design_2_mdm_1_0_stub.v:6]
INFO: [Synth 8-6155] done synthesizing module 'design_2_mdm_1_0' (0#1) [C:/Users/JosephThompson/VivadoProjects/Basys3_bd_withGPIO/Basys3_bd_withGPIO.runs/synth_1/.Xil/Vivado-43572-MSI/realtime/design_2_mdm_1_0_stub.v:6]
INFO: [Synth 8-6157] synthesizing module 'design_2_microblaze_0_0' [C:/Users/JosephThompson/VivadoProjects/Basys3_bd_withGPIO/Basys3_bd_withGPIO.runs/synth_1/.Xil/Vivado-43572-MSI/realtime/design_2_microblaze_0_0_stub.v:6]
INFO: [Synth 8-6155] done synthesizing module 'design_2_microblaze_0_0' (0#1) [C:/Users/JosephThompson/VivadoProjects/Basys3_bd_withGPIO/Basys3_bd_withGPIO.runs/synth_1/.Xil/Vivado-43572-MSI/realtime/design_2_microblaze_0_0_stub.v:6]
INFO: [Synth 8-6157] synthesizing module 'design_2_microblaze_0_axi_intc_0' [C:/Users/JosephThompson/VivadoProjects/Basys3_bd_withGPIO/Basys3_bd_withGPIO.runs/synth_1/.Xil/Vivado-43572-MSI/realtime/design_2_microblaze_0_axi_intc_0_stub.v:6]
INFO: [Synth 8-6155] done synthesizing module 'design_2_microblaze_0_axi_intc_0' (0#1) [C:/Users/JosephThompson/VivadoProjects/Basys3_bd_withGPIO/Basys3_bd_withGPIO.runs/synth_1/.Xil/Vivado-43572-MSI/realtime/design_2_microblaze_0_axi_intc_0_stub.v:6]
INFO: [Synth 8-6157] synthesizing module 'design_2_microblaze_0_axi_periph_0' [c:/Users/JosephThompson/VivadoProjects/Basys3_bd_withGPIO/Basys3_bd_withGPIO.gen/sources_1/bd/design_2/synth/design_2.v:859]
INFO: [Synth 8-6157] synthesizing module 'm00_couplers_imp_11CD1WM' [c:/Users/JosephThompson/VivadoProjects/Basys3_bd_withGPIO/Basys3_bd_withGPIO.gen/sources_1/bd/design_2/synth/design_2.v:2169]
INFO: [Synth 8-6155] done synthesizing module 'm00_couplers_imp_11CD1WM' (0#1) [c:/Users/JosephThompson/VivadoProjects/Basys3_bd_withGPIO/Basys3_bd_withGPIO.gen/sources_1/bd/design_2/synth/design_2.v:2169]
INFO: [Synth 8-6157] synthesizing module 'm01_couplers_imp_TCH0CN' [c:/Users/JosephThompson/VivadoProjects/Basys3_bd_withGPIO/Basys3_bd_withGPIO.gen/sources_1/bd/design_2/synth/design_2.v:2301]
INFO: [Synth 8-6155] done synthesizing module 'm01_couplers_imp_TCH0CN' (0#1) [c:/Users/JosephThompson/VivadoProjects/Basys3_bd_withGPIO/Basys3_bd_withGPIO.gen/sources_1/bd/design_2/synth/design_2.v:2301]
INFO: [Synth 8-6157] synthesizing module 'm02_couplers_imp_10F4R51' [c:/Users/JosephThompson/VivadoProjects/Basys3_bd_withGPIO/Basys3_bd_withGPIO.gen/sources_1/bd/design_2/synth/design_2.v:2433]
INFO: [Synth 8-6155] done synthesizing module 'm02_couplers_imp_10F4R51' (0#1) [c:/Users/JosephThompson/VivadoProjects/Basys3_bd_withGPIO/Basys3_bd_withGPIO.gen/sources_1/bd/design_2/synth/design_2.v:2433]
INFO: [Synth 8-6157] synthesizing module 'm03_couplers_imp_TZF3PG' [c:/Users/JosephThompson/VivadoProjects/Basys3_bd_withGPIO/Basys3_bd_withGPIO.gen/sources_1/bd/design_2/synth/design_2.v:2565]
INFO: [Synth 8-6155] done synthesizing module 'm03_couplers_imp_TZF3PG' (0#1) [c:/Users/JosephThompson/VivadoProjects/Basys3_bd_withGPIO/Basys3_bd_withGPIO.gen/sources_1/bd/design_2/synth/design_2.v:2565]
INFO: [Synth 8-6157] synthesizing module 'm04_couplers_imp_136UCPS' [c:/Users/JosephThompson/VivadoProjects/Basys3_bd_withGPIO/Basys3_bd_withGPIO.gen/sources_1/bd/design_2/synth/design_2.v:2697]
INFO: [Synth 8-6155] done synthesizing module 'm04_couplers_imp_136UCPS' (0#1) [c:/Users/JosephThompson/VivadoProjects/Basys3_bd_withGPIO/Basys3_bd_withGPIO.gen/sources_1/bd/design_2/synth/design_2.v:2697]
INFO: [Synth 8-6157] synthesizing module 'm05_couplers_imp_RB579D' [c:/Users/JosephThompson/VivadoProjects/Basys3_bd_withGPIO/Basys3_bd_withGPIO.gen/sources_1/bd/design_2/synth/design_2.v:2829]
INFO: [Synth 8-6155] done synthesizing module 'm05_couplers_imp_RB579D' (0#1) [c:/Users/JosephThompson/VivadoProjects/Basys3_bd_withGPIO/Basys3_bd_withGPIO.gen/sources_1/bd/design_2/synth/design_2.v:2829]
INFO: [Synth 8-6157] synthesizing module 'm06_couplers_imp_11ZLROJ' [c:/Users/JosephThompson/VivadoProjects/Basys3_bd_withGPIO/Basys3_bd_withGPIO.gen/sources_1/bd/design_2/synth/design_2.v:2961]
INFO: [Synth 8-6155] done synthesizing module 'm06_couplers_imp_11ZLROJ' (0#1) [c:/Users/JosephThompson/VivadoProjects/Basys3_bd_withGPIO/Basys3_bd_withGPIO.gen/sources_1/bd/design_2/synth/design_2.v:2961]
INFO: [Synth 8-6157] synthesizing module 'm07_couplers_imp_SS1CAQ' [c:/Users/JosephThompson/VivadoProjects/Basys3_bd_withGPIO/Basys3_bd_withGPIO.gen/sources_1/bd/design_2/synth/design_2.v:3107]
INFO: [Synth 8-6157] synthesizing module 'design_2_auto_pc_0' [C:/Users/JosephThompson/VivadoProjects/Basys3_bd_withGPIO/Basys3_bd_withGPIO.runs/synth_1/.Xil/Vivado-43572-MSI/realtime/design_2_auto_pc_0_stub.v:6]
INFO: [Synth 8-6155] done synthesizing module 'design_2_auto_pc_0' (0#1) [C:/Users/JosephThompson/VivadoProjects/Basys3_bd_withGPIO/Basys3_bd_withGPIO.runs/synth_1/.Xil/Vivado-43572-MSI/realtime/design_2_auto_pc_0_stub.v:6]
WARNING: [Synth 8-7071] port 'm_axi_awregion' of module 'design_2_auto_pc_0' is unconnected for instance 'auto_pc' [c:/Users/JosephThompson/VivadoProjects/Basys3_bd_withGPIO/Basys3_bd_withGPIO.gen/sources_1/bd/design_2/synth/design_2.v:3322]
WARNING: [Synth 8-7071] port 'm_axi_awqos' of module 'design_2_auto_pc_0' is unconnected for instance 'auto_pc' [c:/Users/JosephThompson/VivadoProjects/Basys3_bd_withGPIO/Basys3_bd_withGPIO.gen/sources_1/bd/design_2/synth/design_2.v:3322]
WARNING: [Synth 8-7071] port 'm_axi_arregion' of module 'design_2_auto_pc_0' is unconnected for instance 'auto_pc' [c:/Users/JosephThompson/VivadoProjects/Basys3_bd_withGPIO/Basys3_bd_withGPIO.gen/sources_1/bd/design_2/synth/design_2.v:3322]
WARNING: [Synth 8-7071] port 'm_axi_arqos' of module 'design_2_auto_pc_0' is unconnected for instance 'auto_pc' [c:/Users/JosephThompson/VivadoProjects/Basys3_bd_withGPIO/Basys3_bd_withGPIO.gen/sources_1/bd/design_2/synth/design_2.v:3322]
WARNING: [Synth 8-7023] instance 'auto_pc' of module 'design_2_auto_pc_0' has 56 connections declared, but only 52 given [c:/Users/JosephThompson/VivadoProjects/Basys3_bd_withGPIO/Basys3_bd_withGPIO.gen/sources_1/bd/design_2/synth/design_2.v:3322]
INFO: [Synth 8-6155] done synthesizing module 'm07_couplers_imp_SS1CAQ' (0#1) [c:/Users/JosephThompson/VivadoProjects/Basys3_bd_withGPIO/Basys3_bd_withGPIO.gen/sources_1/bd/design_2/synth/design_2.v:3107]
INFO: [Synth 8-6157] synthesizing module 's00_couplers_imp_ZF502S' [c:/Users/JosephThompson/VivadoProjects/Basys3_bd_withGPIO/Basys3_bd_withGPIO.gen/sources_1/bd/design_2/synth/design_2.v:3611]
INFO: [Synth 8-6155] done synthesizing module 's00_couplers_imp_ZF502S' (0#1) [c:/Users/JosephThompson/VivadoProjects/Basys3_bd_withGPIO/Basys3_bd_withGPIO.gen/sources_1/bd/design_2/synth/design_2.v:3611]
INFO: [Synth 8-6157] synthesizing module 'design_2_xbar_0' [C:/Users/JosephThompson/VivadoProjects/Basys3_bd_withGPIO/Basys3_bd_withGPIO.runs/synth_1/.Xil/Vivado-43572-MSI/realtime/design_2_xbar_0_stub.v:6]
INFO: [Synth 8-6155] done synthesizing module 'design_2_xbar_0' (0#1) [C:/Users/JosephThompson/VivadoProjects/Basys3_bd_withGPIO/Basys3_bd_withGPIO.runs/synth_1/.Xil/Vivado-43572-MSI/realtime/design_2_xbar_0_stub.v:6]
INFO: [Synth 8-6155] done synthesizing module 'design_2_microblaze_0_axi_periph_0' (0#1) [c:/Users/JosephThompson/VivadoProjects/Basys3_bd_withGPIO/Basys3_bd_withGPIO.gen/sources_1/bd/design_2/synth/design_2.v:859]
INFO: [Synth 8-6157] synthesizing module 'microblaze_0_local_memory_imp_MFYM5E' [c:/Users/JosephThompson/VivadoProjects/Basys3_bd_withGPIO/Basys3_bd_withGPIO.gen/sources_1/bd/design_2/synth/design_2.v:3377]
INFO: [Synth 8-6157] synthesizing module 'design_2_dlmb_bram_if_cntlr_0' [C:/Users/JosephThompson/VivadoProjects/Basys3_bd_withGPIO/Basys3_bd_withGPIO.runs/synth_1/.Xil/Vivado-43572-MSI/realtime/design_2_dlmb_bram_if_cntlr_0_stub.v:6]
INFO: [Synth 8-6155] done synthesizing module 'design_2_dlmb_bram_if_cntlr_0' (0#1) [C:/Users/JosephThompson/VivadoProjects/Basys3_bd_withGPIO/Basys3_bd_withGPIO.runs/synth_1/.Xil/Vivado-43572-MSI/realtime/design_2_dlmb_bram_if_cntlr_0_stub.v:6]
INFO: [Synth 8-6157] synthesizing module 'design_2_dlmb_v10_0' [C:/Users/JosephThompson/VivadoProjects/Basys3_bd_withGPIO/Basys3_bd_withGPIO.runs/synth_1/.Xil/Vivado-43572-MSI/realtime/design_2_dlmb_v10_0_stub.v:6]
INFO: [Synth 8-6155] done synthesizing module 'design_2_dlmb_v10_0' (0#1) [C:/Users/JosephThompson/VivadoProjects/Basys3_bd_withGPIO/Basys3_bd_withGPIO.runs/synth_1/.Xil/Vivado-43572-MSI/realtime/design_2_dlmb_v10_0_stub.v:6]
WARNING: [Synth 8-7071] port 'LMB_Rst' of module 'design_2_dlmb_v10_0' is unconnected for instance 'dlmb_v10' [c:/Users/JosephThompson/VivadoProjects/Basys3_bd_withGPIO/Basys3_bd_withGPIO.gen/sources_1/bd/design_2/synth/design_2.v:3523]
WARNING: [Synth 8-7023] instance 'dlmb_v10' of module 'design_2_dlmb_v10_0' has 25 connections declared, but only 24 given [c:/Users/JosephThompson/VivadoProjects/Basys3_bd_withGPIO/Basys3_bd_withGPIO.gen/sources_1/bd/design_2/synth/design_2.v:3523]
INFO: [Synth 8-6157] synthesizing module 'design_2_ilmb_bram_if_cntlr_0' [C:/Users/JosephThompson/VivadoProjects/Basys3_bd_withGPIO/Basys3_bd_withGPIO.runs/synth_1/.Xil/Vivado-43572-MSI/realtime/design_2_ilmb_bram_if_cntlr_0_stub.v:6]
INFO: [Synth 8-6155] done synthesizing module 'design_2_ilmb_bram_if_cntlr_0' (0#1) [C:/Users/JosephThompson/VivadoProjects/Basys3_bd_withGPIO/Basys3_bd_withGPIO.runs/synth_1/.Xil/Vivado-43572-MSI/realtime/design_2_ilmb_bram_if_cntlr_0_stub.v:6]
INFO: [Synth 8-6157] synthesizing module 'design_2_ilmb_v10_0' [C:/Users/JosephThompson/VivadoProjects/Basys3_bd_withGPIO/Basys3_bd_withGPIO.runs/synth_1/.Xil/Vivado-43572-MSI/realtime/design_2_ilmb_v10_0_stub.v:6]
INFO: [Synth 8-6155] done synthesizing module 'design_2_ilmb_v10_0' (0#1) [C:/Users/JosephThompson/VivadoProjects/Basys3_bd_withGPIO/Basys3_bd_withGPIO.runs/synth_1/.Xil/Vivado-43572-MSI/realtime/design_2_ilmb_v10_0_stub.v:6]
WARNING: [Synth 8-7071] port 'LMB_Rst' of module 'design_2_ilmb_v10_0' is unconnected for instance 'ilmb_v10' [c:/Users/JosephThompson/VivadoProjects/Basys3_bd_withGPIO/Basys3_bd_withGPIO.gen/sources_1/bd/design_2/synth/design_2.v:3569]
WARNING: [Synth 8-7023] instance 'ilmb_v10' of module 'design_2_ilmb_v10_0' has 25 connections declared, but only 24 given [c:/Users/JosephThompson/VivadoProjects/Basys3_bd_withGPIO/Basys3_bd_withGPIO.gen/sources_1/bd/design_2/synth/design_2.v:3569]
INFO: [Synth 8-6157] synthesizing module 'design_2_lmb_bram_0' [C:/Users/JosephThompson/VivadoProjects/Basys3_bd_withGPIO/Basys3_bd_withGPIO.runs/synth_1/.Xil/Vivado-43572-MSI/realtime/design_2_lmb_bram_0_stub.v:6]
INFO: [Synth 8-6155] done synthesizing module 'design_2_lmb_bram_0' (0#1) [C:/Users/JosephThompson/VivadoProjects/Basys3_bd_withGPIO/Basys3_bd_withGPIO.runs/synth_1/.Xil/Vivado-43572-MSI/realtime/design_2_lmb_bram_0_stub.v:6]
WARNING: [Synth 8-7071] port 'rsta_busy' of module 'design_2_lmb_bram_0' is unconnected for instance 'lmb_bram' [c:/Users/JosephThompson/VivadoProjects/Basys3_bd_withGPIO/Basys3_bd_withGPIO.gen/sources_1/bd/design_2/synth/design_2.v:3594]
WARNING: [Synth 8-7071] port 'rstb_busy' of module 'design_2_lmb_bram_0' is unconnected for instance 'lmb_bram' [c:/Users/JosephThompson/VivadoProjects/Basys3_bd_withGPIO/Basys3_bd_withGPIO.gen/sources_1/bd/design_2/synth/design_2.v:3594]
WARNING: [Synth 8-7023] instance 'lmb_bram' of module 'design_2_lmb_bram_0' has 16 connections declared, but only 14 given [c:/Users/JosephThompson/VivadoProjects/Basys3_bd_withGPIO/Basys3_bd_withGPIO.gen/sources_1/bd/design_2/synth/design_2.v:3594]
INFO: [Synth 8-6155] done synthesizing module 'microblaze_0_local_memory_imp_MFYM5E' (0#1) [c:/Users/JosephThompson/VivadoProjects/Basys3_bd_withGPIO/Basys3_bd_withGPIO.gen/sources_1/bd/design_2/synth/design_2.v:3377]
INFO: [Synth 8-6157] synthesizing module 'design_2_microblaze_0_xlconcat_0' [c:/Users/JosephThompson/VivadoProjects/Basys3_bd_withGPIO/Basys3_bd_withGPIO.gen/sources_1/bd/design_2/ip/design_2_microblaze_0_xlconcat_0/synth/design_2_microblaze_0_xlconcat_0.v:53]
INFO: [Synth 8-6157] synthesizing module 'xlconcat_v2_1_5_xlconcat' [c:/Users/JosephThompson/VivadoProjects/Basys3_bd_withGPIO/Basys3_bd_withGPIO.gen/sources_1/bd/design_2/ipshared/147b/hdl/xlconcat_v2_1_vl_rfs.v:59]
INFO: [Synth 8-6155] done synthesizing module 'xlconcat_v2_1_5_xlconcat' (0#1) [c:/Users/JosephThompson/VivadoProjects/Basys3_bd_withGPIO/Basys3_bd_withGPIO.gen/sources_1/bd/design_2/ipshared/147b/hdl/xlconcat_v2_1_vl_rfs.v:59]
INFO: [Synth 8-6155] done synthesizing module 'design_2_microblaze_0_xlconcat_0' (0#1) [c:/Users/JosephThompson/VivadoProjects/Basys3_bd_withGPIO/Basys3_bd_withGPIO.gen/sources_1/bd/design_2/ip/design_2_microblaze_0_xlconcat_0/synth/design_2_microblaze_0_xlconcat_0.v:53]
INFO: [Synth 8-6157] synthesizing module 'design_2_rst_clk_wiz_0_100M_0' [C:/Users/JosephThompson/VivadoProjects/Basys3_bd_withGPIO/Basys3_bd_withGPIO.runs/synth_1/.Xil/Vivado-43572-MSI/realtime/design_2_rst_clk_wiz_0_100M_0_stub.v:6]
INFO: [Synth 8-6155] done synthesizing module 'design_2_rst_clk_wiz_0_100M_0' (0#1) [C:/Users/JosephThompson/VivadoProjects/Basys3_bd_withGPIO/Basys3_bd_withGPIO.runs/synth_1/.Xil/Vivado-43572-MSI/realtime/design_2_rst_clk_wiz_0_100M_0_stub.v:6]
WARNING: [Synth 8-7071] port 'peripheral_reset' of module 'design_2_rst_clk_wiz_0_100M_0' is unconnected for instance 'rst_clk_wiz_0_100M' [c:/Users/JosephThompson/VivadoProjects/Basys3_bd_withGPIO/Basys3_bd_withGPIO.gen/sources_1/bd/design_2/synth/design_2.v:836]
WARNING: [Synth 8-7071] port 'interconnect_aresetn' of module 'design_2_rst_clk_wiz_0_100M_0' is unconnected for instance 'rst_clk_wiz_0_100M' [c:/Users/JosephThompson/VivadoProjects/Basys3_bd_withGPIO/Basys3_bd_withGPIO.gen/sources_1/bd/design_2/synth/design_2.v:836]
WARNING: [Synth 8-7023] instance 'rst_clk_wiz_0_100M' of module 'design_2_rst_clk_wiz_0_100M_0' has 10 connections declared, but only 8 given [c:/Users/JosephThompson/VivadoProjects/Basys3_bd_withGPIO/Basys3_bd_withGPIO.gen/sources_1/bd/design_2/synth/design_2.v:836]
INFO: [Synth 8-6157] synthesizing module 'design_2_vga_test_0_1' [C:/Users/JosephThompson/VivadoProjects/Basys3_bd_withGPIO/Basys3_bd_withGPIO.runs/synth_1/.Xil/Vivado-43572-MSI/realtime/design_2_vga_test_0_1_stub.v:6]
INFO: [Synth 8-6155] done synthesizing module 'design_2_vga_test_0_1' (0#1) [C:/Users/JosephThompson/VivadoProjects/Basys3_bd_withGPIO/Basys3_bd_withGPIO.runs/synth_1/.Xil/Vivado-43572-MSI/realtime/design_2_vga_test_0_1_stub.v:6]
INFO: [Synth 8-6155] done synthesizing module 'design_2' (0#1) [c:/Users/JosephThompson/VivadoProjects/Basys3_bd_withGPIO/Basys3_bd_withGPIO.gen/sources_1/bd/design_2/synth/design_2.v:13]
INFO: [Synth 8-6155] done synthesizing module 'design_2_wrapper' (0#1) [C:/Users/JosephThompson/VivadoProjects/Basys3_bd_withGPIO/Basys3_bd_withGPIO.gen/sources_1/bd/design_2/hdl/design_2_wrapper.v:13]
WARNING: [Synth 8-7129] Port In5[0] in module xlconcat_v2_1_5_xlconcat is either unconnected or has no load
WARNING: [Synth 8-7129] Port In6[0] in module xlconcat_v2_1_5_xlconcat is either unconnected or has no load
WARNING: [Synth 8-7129] Port In7[0] in module xlconcat_v2_1_5_xlconcat is either unconnected or has no load
WARNING: [Synth 8-7129] Port In8[0] in module xlconcat_v2_1_5_xlconcat is either unconnected or has no load
WARNING: [Synth 8-7129] Port In9[0] in module xlconcat_v2_1_5_xlconcat is either unconnected or has no load
WARNING: [Synth 8-7129] Port In10[0] in module xlconcat_v2_1_5_xlconcat is either unconnected or has no load
WARNING: [Synth 8-7129] Port In11[0] in module xlconcat_v2_1_5_xlconcat is either unconnected or has no load
WARNING: [Synth 8-7129] Port In12[0] in module xlconcat_v2_1_5_xlconcat is either unconnected or has no load
WARNING: [Synth 8-7129] Port In13[0] in module xlconcat_v2_1_5_xlconcat is either unconnected or has no load
WARNING: [Synth 8-7129] Port In14[0] in module xlconcat_v2_1_5_xlconcat is either unconnected or has no load
WARNING: [Synth 8-7129] Port In15[0] in module xlconcat_v2_1_5_xlconcat is either unconnected or has no load
WARNING: [Synth 8-7129] Port In16[0] in module xlconcat_v2_1_5_xlconcat is either unconnected or has no load
WARNING: [Synth 8-7129] Port In17[0] in module xlconcat_v2_1_5_xlconcat is either unconnected or has no load
WARNING: [Synth 8-7129] Port In18[0] in module xlconcat_v2_1_5_xlconcat is either unconnected or has no load
WARNING: [Synth 8-7129] Port In19[0] in module xlconcat_v2_1_5_xlconcat is either unconnected or has no load
WARNING: [Synth 8-7129] Port In20[0] in module xlconcat_v2_1_5_xlconcat is either unconnected or has no load
WARNING: [Synth 8-7129] Port In21[0] in module xlconcat_v2_1_5_xlconcat is either unconnected or has no load
WARNING: [Synth 8-7129] Port In22[0] in module xlconcat_v2_1_5_xlconcat is either unconnected or has no load
WARNING: [Synth 8-7129] Port In23[0] in module xlconcat_v2_1_5_xlconcat is either unconnected or has no load
WARNING: [Synth 8-7129] Port In24[0] in module xlconcat_v2_1_5_xlconcat is either unconnected or has no load
WARNING: [Synth 8-7129] Port In25[0] in module xlconcat_v2_1_5_xlconcat is either unconnected or has no load
WARNING: [Synth 8-7129] Port In26[0] in module xlconcat_v2_1_5_xlconcat is either unconnected or has no load
WARNING: [Synth 8-7129] Port In27[0] in module xlconcat_v2_1_5_xlconcat is either unconnected or has no load
WARNING: [Synth 8-7129] Port In28[0] in module xlconcat_v2_1_5_xlconcat is either unconnected or has no load
WARNING: [Synth 8-7129] Port In29[0] in module xlconcat_v2_1_5_xlconcat is either unconnected or has no load
WARNING: [Synth 8-7129] Port In30[0] in module xlconcat_v2_1_5_xlconcat is either unconnected or has no load
WARNING: [Synth 8-7129] Port In31[0] in module xlconcat_v2_1_5_xlconcat is either unconnected or has no load
WARNING: [Synth 8-7129] Port In32[0] in module xlconcat_v2_1_5_xlconcat is either unconnected or has no load
WARNING: [Synth 8-7129] Port In33[0] in module xlconcat_v2_1_5_xlconcat is either unconnected or has no load
WARNING: [Synth 8-7129] Port In34[0] in module xlconcat_v2_1_5_xlconcat is either unconnected or has no load
WARNING: [Synth 8-7129] Port In35[0] in module xlconcat_v2_1_5_xlconcat is either unconnected or has no load
WARNING: [Synth 8-7129] Port In36[0] in module xlconcat_v2_1_5_xlconcat is either unconnected or has no load
WARNING: [Synth 8-7129] Port In37[0] in module xlconcat_v2_1_5_xlconcat is either unconnected or has no load
WARNING: [Synth 8-7129] Port In38[0] in module xlconcat_v2_1_5_xlconcat is either unconnected or has no load
WARNING: [Synth 8-7129] Port In39[0] in module xlconcat_v2_1_5_xlconcat is either unconnected or has no load
WARNING: [Synth 8-7129] Port In40[0] in module xlconcat_v2_1_5_xlconcat is either unconnected or has no load
WARNING: [Synth 8-7129] Port In41[0] in module xlconcat_v2_1_5_xlconcat is either unconnected or has no load
WARNING: [Synth 8-7129] Port In42[0] in module xlconcat_v2_1_5_xlconcat is either unconnected or has no load
WARNING: [Synth 8-7129] Port In43[0] in module xlconcat_v2_1_5_xlconcat is either unconnected or has no load
WARNING: [Synth 8-7129] Port In44[0] in module xlconcat_v2_1_5_xlconcat is either unconnected or has no load
WARNING: [Synth 8-7129] Port In45[0] in module xlconcat_v2_1_5_xlconcat is either unconnected or has no load
WARNING: [Synth 8-7129] Port In46[0] in module xlconcat_v2_1_5_xlconcat is either unconnected or has no load
WARNING: [Synth 8-7129] Port In47[0] in module xlconcat_v2_1_5_xlconcat is either unconnected or has no load
WARNING: [Synth 8-7129] Port In48[0] in module xlconcat_v2_1_5_xlconcat is either unconnected or has no load
WARNING: [Synth 8-7129] Port In49[0] in module xlconcat_v2_1_5_xlconcat is either unconnected or has no load
WARNING: [Synth 8-7129] Port In50[0] in module xlconcat_v2_1_5_xlconcat is either unconnected or has no load
WARNING: [Synth 8-7129] Port In51[0] in module xlconcat_v2_1_5_xlconcat is either unconnected or has no load
WARNING: [Synth 8-7129] Port In52[0] in module xlconcat_v2_1_5_xlconcat is either unconnected or has no load
WARNING: [Synth 8-7129] Port In53[0] in module xlconcat_v2_1_5_xlconcat is either unconnected or has no load
WARNING: [Synth 8-7129] Port In54[0] in module xlconcat_v2_1_5_xlconcat is either unconnected or has no load
WARNING: [Synth 8-7129] Port In55[0] in module xlconcat_v2_1_5_xlconcat is either unconnected or has no load
WARNING: [Synth 8-7129] Port In56[0] in module xlconcat_v2_1_5_xlconcat is either unconnected or has no load
WARNING: [Synth 8-7129] Port In57[0] in module xlconcat_v2_1_5_xlconcat is either unconnected or has no load
WARNING: [Synth 8-7129] Port In58[0] in module xlconcat_v2_1_5_xlconcat is either unconnected or has no load
WARNING: [Synth 8-7129] Port In59[0] in module xlconcat_v2_1_5_xlconcat is either unconnected or has no load
WARNING: [Synth 8-7129] Port In60[0] in module xlconcat_v2_1_5_xlconcat is either unconnected or has no load
WARNING: [Synth 8-7129] Port In61[0] in module xlconcat_v2_1_5_xlconcat is either unconnected or has no load
WARNING: [Synth 8-7129] Port In62[0] in module xlconcat_v2_1_5_xlconcat is either unconnected or has no load
WARNING: [Synth 8-7129] Port In63[0] in module xlconcat_v2_1_5_xlconcat is either unconnected or has no load
WARNING: [Synth 8-7129] Port In64[0] in module xlconcat_v2_1_5_xlconcat is either unconnected or has no load
WARNING: [Synth 8-7129] Port In65[0] in module xlconcat_v2_1_5_xlconcat is either unconnected or has no load
WARNING: [Synth 8-7129] Port In66[0] in module xlconcat_v2_1_5_xlconcat is either unconnected or has no load
WARNING: [Synth 8-7129] Port In67[0] in module xlconcat_v2_1_5_xlconcat is either unconnected or has no load
WARNING: [Synth 8-7129] Port In68[0] in module xlconcat_v2_1_5_xlconcat is either unconnected or has no load
WARNING: [Synth 8-7129] Port In69[0] in module xlconcat_v2_1_5_xlconcat is either unconnected or has no load
WARNING: [Synth 8-7129] Port In70[0] in module xlconcat_v2_1_5_xlconcat is either unconnected or has no load
WARNING: [Synth 8-7129] Port In71[0] in module xlconcat_v2_1_5_xlconcat is either unconnected or has no load
WARNING: [Synth 8-7129] Port In72[0] in module xlconcat_v2_1_5_xlconcat is either unconnected or has no load
WARNING: [Synth 8-7129] Port In73[0] in module xlconcat_v2_1_5_xlconcat is either unconnected or has no load
WARNING: [Synth 8-7129] Port In74[0] in module xlconcat_v2_1_5_xlconcat is either unconnected or has no load
WARNING: [Synth 8-7129] Port In75[0] in module xlconcat_v2_1_5_xlconcat is either unconnected or has no load
WARNING: [Synth 8-7129] Port In76[0] in module xlconcat_v2_1_5_xlconcat is either unconnected or has no load
WARNING: [Synth 8-7129] Port In77[0] in module xlconcat_v2_1_5_xlconcat is either unconnected or has no load
WARNING: [Synth 8-7129] Port In78[0] in module xlconcat_v2_1_5_xlconcat is either unconnected or has no load
WARNING: [Synth 8-7129] Port In79[0] in module xlconcat_v2_1_5_xlconcat is either unconnected or has no load
WARNING: [Synth 8-7129] Port In80[0] in module xlconcat_v2_1_5_xlconcat is either unconnected or has no load
WARNING: [Synth 8-7129] Port In81[0] in module xlconcat_v2_1_5_xlconcat is either unconnected or has no load
WARNING: [Synth 8-7129] Port In82[0] in module xlconcat_v2_1_5_xlconcat is either unconnected or has no load
WARNING: [Synth 8-7129] Port In83[0] in module xlconcat_v2_1_5_xlconcat is either unconnected or has no load
WARNING: [Synth 8-7129] Port In84[0] in module xlconcat_v2_1_5_xlconcat is either unconnected or has no load
WARNING: [Synth 8-7129] Port In85[0] in module xlconcat_v2_1_5_xlconcat is either unconnected or has no load
WARNING: [Synth 8-7129] Port In86[0] in module xlconcat_v2_1_5_xlconcat is either unconnected or has no load
WARNING: [Synth 8-7129] Port In87[0] in module xlconcat_v2_1_5_xlconcat is either unconnected or has no load
WARNING: [Synth 8-7129] Port In88[0] in module xlconcat_v2_1_5_xlconcat is either unconnected or has no load
WARNING: [Synth 8-7129] Port In89[0] in module xlconcat_v2_1_5_xlconcat is either unconnected or has no load
WARNING: [Synth 8-7129] Port In90[0] in module xlconcat_v2_1_5_xlconcat is either unconnected or has no load
WARNING: [Synth 8-7129] Port In91[0] in module xlconcat_v2_1_5_xlconcat is either unconnected or has no load
WARNING: [Synth 8-7129] Port In92[0] in module xlconcat_v2_1_5_xlconcat is either unconnected or has no load
WARNING: [Synth 8-7129] Port In93[0] in module xlconcat_v2_1_5_xlconcat is either unconnected or has no load
WARNING: [Synth 8-7129] Port In94[0] in module xlconcat_v2_1_5_xlconcat is either unconnected or has no load
WARNING: [Synth 8-7129] Port In95[0] in module xlconcat_v2_1_5_xlconcat is either unconnected or has no load
WARNING: [Synth 8-7129] Port In96[0] in module xlconcat_v2_1_5_xlconcat is either unconnected or has no load
WARNING: [Synth 8-7129] Port In97[0] in module xlconcat_v2_1_5_xlconcat is either unconnected or has no load
WARNING: [Synth 8-7129] Port In98[0] in module xlconcat_v2_1_5_xlconcat is either unconnected or has no load
WARNING: [Synth 8-7129] Port In99[0] in module xlconcat_v2_1_5_xlconcat is either unconnected or has no load
WARNING: [Synth 8-7129] Port In100[0] in module xlconcat_v2_1_5_xlconcat is either unconnected or has no load
WARNING: [Synth 8-7129] Port In101[0] in module xlconcat_v2_1_5_xlconcat is either unconnected or has no load
WARNING: [Synth 8-7129] Port In102[0] in module xlconcat_v2_1_5_xlconcat is either unconnected or has no load
WARNING: [Synth 8-7129] Port In103[0] in module xlconcat_v2_1_5_xlconcat is either unconnected or has no load
WARNING: [Synth 8-7129] Port In104[0] in module xlconcat_v2_1_5_xlconcat is either unconnected or has no load
INFO: [Common 17-14] Message 'Synth 8-7129' appears 100 times and further instances of the messages will be disabled. Use the Tcl command set_msg_config to change the current settings.
---------------------------------------------------------------------------------
Finished RTL Elaboration : Time (s): cpu = 00:00:03 ; elapsed = 00:00:08 . Memory (MB): peak = 1484.520 ; gain = 560.789
---------------------------------------------------------------------------------
---------------------------------------------------------------------------------
Start Handling Custom Attributes
---------------------------------------------------------------------------------
---------------------------------------------------------------------------------
Finished Handling Custom Attributes : Time (s): cpu = 00:00:03 ; elapsed = 00:00:08 . Memory (MB): peak = 1484.520 ; gain = 560.789
---------------------------------------------------------------------------------
---------------------------------------------------------------------------------
Finished RTL Optimization Phase 1 : Time (s): cpu = 00:00:03 ; elapsed = 00:00:08 . Memory (MB): peak = 1484.520 ; gain = 560.789
---------------------------------------------------------------------------------
Netlist sorting complete. Time (s): cpu = 00:00:00 ; elapsed = 00:00:00.068 . Memory (MB): peak = 1484.520 ; gain = 0.000
INFO: [Netlist 29-17] Analyzing 2 Unisim elements for replacement
INFO: [Netlist 29-28] Unisim Transformation completed in 0 CPU seconds
INFO: [Project 1-570] Preparing netlist for logic optimization

Processing XDC Constraints
Initializing timing engine
Parsing XDC File [c:/Users/JosephThompson/VivadoProjects/Basys3_bd_withGPIO/Basys3_bd_withGPIO.gen/sources_1/bd/design_2/ip/design_2_clk_wiz_0_0/design_2_clk_wiz_0_0/design_2_clk_wiz_0_0_in_context.xdc] for cell 'design_2_i/clk_wiz_0'
Finished Parsing XDC File [c:/Users/JosephThompson/VivadoProjects/Basys3_bd_withGPIO/Basys3_bd_withGPIO.gen/sources_1/bd/design_2/ip/design_2_clk_wiz_0_0/design_2_clk_wiz_0_0/design_2_clk_wiz_0_0_in_context.xdc] for cell 'design_2_i/clk_wiz_0'
Parsing XDC File [c:/Users/JosephThompson/VivadoProjects/Basys3_bd_withGPIO/Basys3_bd_withGPIO.gen/sources_1/bd/design_2/ip/design_2_microblaze_0_0/design_2_microblaze_0_0/design_2_microblaze_0_0_in_context.xdc] for cell 'design_2_i/microblaze_0'
Finished Parsing XDC File [c:/Users/JosephThompson/VivadoProjects/Basys3_bd_withGPIO/Basys3_bd_withGPIO.gen/sources_1/bd/design_2/ip/design_2_microblaze_0_0/design_2_microblaze_0_0/design_2_microblaze_0_0_in_context.xdc] for cell 'design_2_i/microblaze_0'
Parsing XDC File [c:/Users/JosephThompson/VivadoProjects/Basys3_bd_withGPIO/Basys3_bd_withGPIO.gen/sources_1/bd/design_2/ip/design_2_dlmb_v10_0/design_2_dlmb_v10_0/design_1_dlmb_v10_1_in_context.xdc] for cell 'design_2_i/microblaze_0_local_memory/dlmb_v10'
Finished Parsing XDC File [c:/Users/JosephThompson/VivadoProjects/Basys3_bd_withGPIO/Basys3_bd_withGPIO.gen/sources_1/bd/design_2/ip/design_2_dlmb_v10_0/design_2_dlmb_v10_0/design_1_dlmb_v10_1_in_context.xdc] for cell 'design_2_i/microblaze_0_local_memory/dlmb_v10'
Parsing XDC File [c:/Users/JosephThompson/VivadoProjects/Basys3_bd_withGPIO/Basys3_bd_withGPIO.gen/sources_1/bd/design_2/ip/design_2_ilmb_v10_0/design_2_ilmb_v10_0/design_1_dlmb_v10_1_in_context.xdc] for cell 'design_2_i/microblaze_0_local_memory/ilmb_v10'
Finished Parsing XDC File [c:/Users/JosephThompson/VivadoProjects/Basys3_bd_withGPIO/Basys3_bd_withGPIO.gen/sources_1/bd/design_2/ip/design_2_ilmb_v10_0/design_2_ilmb_v10_0/design_1_dlmb_v10_1_in_context.xdc] for cell 'design_2_i/microblaze_0_local_memory/ilmb_v10'
Parsing XDC File [c:/Users/JosephThompson/VivadoProjects/Basys3_bd_withGPIO/Basys3_bd_withGPIO.gen/sources_1/bd/design_2/ip/design_2_dlmb_bram_if_cntlr_0/design_2_dlmb_bram_if_cntlr_0/design_1_dlmb_bram_if_cntlr_1_in_context.xdc] for cell 'design_2_i/microblaze_0_local_memory/dlmb_bram_if_cntlr'
Finished Parsing XDC File [c:/Users/JosephThompson/VivadoProjects/Basys3_bd_withGPIO/Basys3_bd_withGPIO.gen/sources_1/bd/design_2/ip/design_2_dlmb_bram_if_cntlr_0/design_2_dlmb_bram_if_cntlr_0/design_1_dlmb_bram_if_cntlr_1_in_context.xdc] for cell 'design_2_i/microblaze_0_local_memory/dlmb_bram_if_cntlr'
Parsing XDC File [c:/Users/JosephThompson/VivadoProjects/Basys3_bd_withGPIO/Basys3_bd_withGPIO.gen/sources_1/bd/design_2/ip/design_2_ilmb_bram_if_cntlr_0/design_2_ilmb_bram_if_cntlr_0/design_1_ilmb_bram_if_cntlr_1_in_context.xdc] for cell 'design_2_i/microblaze_0_local_memory/ilmb_bram_if_cntlr'
Finished Parsing XDC File [c:/Users/JosephThompson/VivadoProjects/Basys3_bd_withGPIO/Basys3_bd_withGPIO.gen/sources_1/bd/design_2/ip/design_2_ilmb_bram_if_cntlr_0/design_2_ilmb_bram_if_cntlr_0/design_1_ilmb_bram_if_cntlr_1_in_context.xdc] for cell 'design_2_i/microblaze_0_local_memory/ilmb_bram_if_cntlr'
Parsing XDC File [c:/Users/JosephThompson/VivadoProjects/Basys3_bd_withGPIO/Basys3_bd_withGPIO.gen/sources_1/bd/design_2/ip/design_2_lmb_bram_0/design_2_lmb_bram_0/design_2_lmb_bram_0_in_context.xdc] for cell 'design_2_i/microblaze_0_local_memory/lmb_bram'
Finished Parsing XDC File [c:/Users/JosephThompson/VivadoProjects/Basys3_bd_withGPIO/Basys3_bd_withGPIO.gen/sources_1/bd/design_2/ip/design_2_lmb_bram_0/design_2_lmb_bram_0/design_2_lmb_bram_0_in_context.xdc] for cell 'design_2_i/microblaze_0_local_memory/lmb_bram'
Parsing XDC File [c:/Users/JosephThompson/VivadoProjects/Basys3_bd_withGPIO/Basys3_bd_withGPIO.gen/sources_1/bd/design_2/ip/design_2_microblaze_0_axi_intc_0/design_2_microblaze_0_axi_intc_0/design_2_microblaze_0_axi_intc_0_in_context.xdc] for cell 'design_2_i/microblaze_0_axi_intc'
Finished Parsing XDC File [c:/Users/JosephThompson/VivadoProjects/Basys3_bd_withGPIO/Basys3_bd_withGPIO.gen/sources_1/bd/design_2/ip/design_2_microblaze_0_axi_intc_0/design_2_microblaze_0_axi_intc_0/design_2_microblaze_0_axi_intc_0_in_context.xdc] for cell 'design_2_i/microblaze_0_axi_intc'
Parsing XDC File [c:/Users/JosephThompson/VivadoProjects/Basys3_bd_withGPIO/Basys3_bd_withGPIO.gen/sources_1/bd/design_2/ip/design_2_mdm_1_0/design_2_mdm_1_0/design_1_mdm_1_1_in_context.xdc] for cell 'design_2_i/mdm_1'
Finished Parsing XDC File [c:/Users/JosephThompson/VivadoProjects/Basys3_bd_withGPIO/Basys3_bd_withGPIO.gen/sources_1/bd/design_2/ip/design_2_mdm_1_0/design_2_mdm_1_0/design_1_mdm_1_1_in_context.xdc] for cell 'design_2_i/mdm_1'
Parsing XDC File [c:/Users/JosephThompson/VivadoProjects/Basys3_bd_withGPIO/Basys3_bd_withGPIO.gen/sources_1/bd/design_2/ip/design_2_rst_clk_wiz_0_100M_0/design_2_rst_clk_wiz_0_100M_0/design_1_rst_clk_wiz_0_100M_1_in_context.xdc] for cell 'design_2_i/rst_clk_wiz_0_100M'
Finished Parsing XDC File [c:/Users/JosephThompson/VivadoProjects/Basys3_bd_withGPIO/Basys3_bd_withGPIO.gen/sources_1/bd/design_2/ip/design_2_rst_clk_wiz_0_100M_0/design_2_rst_clk_wiz_0_100M_0/design_1_rst_clk_wiz_0_100M_1_in_context.xdc] for cell 'design_2_i/rst_clk_wiz_0_100M'
Parsing XDC File [c:/Users/JosephThompson/VivadoProjects/Basys3_bd_withGPIO/Basys3_bd_withGPIO.gen/sources_1/bd/design_2/ip/design_2_axi_gpio_0_1/design_2_axi_gpio_0_1/design_2_axi_gpio_0_1_in_context.xdc] for cell 'design_2_i/axi_gpio_0'
Finished Parsing XDC File [c:/Users/JosephThompson/VivadoProjects/Basys3_bd_withGPIO/Basys3_bd_withGPIO.gen/sources_1/bd/design_2/ip/design_2_axi_gpio_0_1/design_2_axi_gpio_0_1/design_2_axi_gpio_0_1_in_context.xdc] for cell 'design_2_i/axi_gpio_0'
Parsing XDC File [c:/Users/JosephThompson/VivadoProjects/Basys3_bd_withGPIO/Basys3_bd_withGPIO.gen/sources_1/bd/design_2/ip/design_2_axi_gpio_1_0/design_2_axi_gpio_1_0/design_2_axi_gpio_1_0_in_context.xdc] for cell 'design_2_i/axi_gpio_1'
Finished Parsing XDC File [c:/Users/JosephThompson/VivadoProjects/Basys3_bd_withGPIO/Basys3_bd_withGPIO.gen/sources_1/bd/design_2/ip/design_2_axi_gpio_1_0/design_2_axi_gpio_1_0/design_2_axi_gpio_1_0_in_context.xdc] for cell 'design_2_i/axi_gpio_1'
Parsing XDC File [c:/Users/JosephThompson/VivadoProjects/Basys3_bd_withGPIO/Basys3_bd_withGPIO.gen/sources_1/bd/design_2/ip/design_2_axi_uartlite_0_0/design_2_axi_uartlite_0_0/design_1_axi_uartlite_0_0_in_context.xdc] for cell 'design_2_i/axi_uartlite_0'
Finished Parsing XDC File [c:/Users/JosephThompson/VivadoProjects/Basys3_bd_withGPIO/Basys3_bd_withGPIO.gen/sources_1/bd/design_2/ip/design_2_axi_uartlite_0_0/design_2_axi_uartlite_0_0/design_1_axi_uartlite_0_0_in_context.xdc] for cell 'design_2_i/axi_uartlite_0'
Parsing XDC File [c:/Users/JosephThompson/VivadoProjects/Basys3_bd_withGPIO/Basys3_bd_withGPIO.gen/sources_1/bd/design_2/ip/design_2_axi_timer_0_0/design_2_axi_timer_0_0/design_1_axi_timer_0_1_in_context.xdc] for cell 'design_2_i/axi_timer_0'
Finished Parsing XDC File [c:/Users/JosephThompson/VivadoProjects/Basys3_bd_withGPIO/Basys3_bd_withGPIO.gen/sources_1/bd/design_2/ip/design_2_axi_timer_0_0/design_2_axi_timer_0_0/design_1_axi_timer_0_1_in_context.xdc] for cell 'design_2_i/axi_timer_0'
Parsing XDC File [c:/Users/JosephThompson/VivadoProjects/Basys3_bd_withGPIO/Basys3_bd_withGPIO.gen/sources_1/bd/design_2/ip/design_2_axi_ps2_0_0/design_2_axi_ps2_0_0/design_2_axi_ps2_0_0_in_context.xdc] for cell 'design_2_i/axi_ps2_0'
Finished Parsing XDC File [c:/Users/JosephThompson/VivadoProjects/Basys3_bd_withGPIO/Basys3_bd_withGPIO.gen/sources_1/bd/design_2/ip/design_2_axi_ps2_0_0/design_2_axi_ps2_0_0/design_2_axi_ps2_0_0_in_context.xdc] for cell 'design_2_i/axi_ps2_0'
Parsing XDC File [c:/Users/JosephThompson/VivadoProjects/Basys3_bd_withGPIO/Basys3_bd_withGPIO.gen/sources_1/bd/design_2/ip/design_2_xbar_0/design_2_xbar_0/design_2_xbar_0_in_context.xdc] for cell 'design_2_i/microblaze_0_axi_periph/xbar'
Finished Parsing XDC File [c:/Users/JosephThompson/VivadoProjects/Basys3_bd_withGPIO/Basys3_bd_withGPIO.gen/sources_1/bd/design_2/ip/design_2_xbar_0/design_2_xbar_0/design_2_xbar_0_in_context.xdc] for cell 'design_2_i/microblaze_0_axi_periph/xbar'
Parsing XDC File [c:/Users/JosephThompson/VivadoProjects/Basys3_bd_withGPIO/Basys3_bd_withGPIO.gen/sources_1/bd/design_2/ip/design_2_auto_pc_0/design_2_auto_pc_0/design_2_auto_pc_0_in_context.xdc] for cell 'design_2_i/microblaze_0_axi_periph/m07_couplers/auto_pc'
Finished Parsing XDC File [c:/Users/JosephThompson/VivadoProjects/Basys3_bd_withGPIO/Basys3_bd_withGPIO.gen/sources_1/bd/design_2/ip/design_2_auto_pc_0/design_2_auto_pc_0/design_2_auto_pc_0_in_context.xdc] for cell 'design_2_i/microblaze_0_axi_periph/m07_couplers/auto_pc'
Parsing XDC File [c:/Users/JosephThompson/VivadoProjects/Basys3_bd_withGPIO/Basys3_bd_withGPIO.gen/sources_1/bd/design_2/ip/design_2_axi_bram_ctrl_0_0/design_2_axi_bram_ctrl_0_0/design_2_axi_bram_ctrl_0_0_in_context.xdc] for cell 'design_2_i/axi_bram_ctrl_0'
Finished Parsing XDC File [c:/Users/JosephThompson/VivadoProjects/Basys3_bd_withGPIO/Basys3_bd_withGPIO.gen/sources_1/bd/design_2/ip/design_2_axi_bram_ctrl_0_0/design_2_axi_bram_ctrl_0_0/design_2_axi_bram_ctrl_0_0_in_context.xdc] for cell 'design_2_i/axi_bram_ctrl_0'
Parsing XDC File [c:/Users/JosephThompson/VivadoProjects/Basys3_bd_withGPIO/Basys3_bd_withGPIO.gen/sources_1/bd/design_2/ip/design_2_blk_mem_gen_0_0/design_2_blk_mem_gen_0_0/design_2_blk_mem_gen_0_0_in_context.xdc] for cell 'design_2_i/blk_mem_gen_0'
Finished Parsing XDC File [c:/Users/JosephThompson/VivadoProjects/Basys3_bd_withGPIO/Basys3_bd_withGPIO.gen/sources_1/bd/design_2/ip/design_2_blk_mem_gen_0_0/design_2_blk_mem_gen_0_0/design_2_blk_mem_gen_0_0_in_context.xdc] for cell 'design_2_i/blk_mem_gen_0'
Parsing XDC File [c:/Users/JosephThompson/VivadoProjects/Basys3_bd_withGPIO/Basys3_bd_withGPIO.gen/sources_1/bd/design_2/ip/design_2_vga_test_0_1/design_2_vga_test_0_1/design_2_vga_test_0_1_in_context.xdc] for cell 'design_2_i/vga_test_0'
Finished Parsing XDC File [c:/Users/JosephThompson/VivadoProjects/Basys3_bd_withGPIO/Basys3_bd_withGPIO.gen/sources_1/bd/design_2/ip/design_2_vga_test_0_1/design_2_vga_test_0_1/design_2_vga_test_0_1_in_context.xdc] for cell 'design_2_i/vga_test_0'
Parsing XDC File [C:/Users/JosephThompson/VivadoProjects/Basys3_bd_withGPIO/Basys3_bd_withGPIO.srcs/constrs_1/imports/Basys3Artix7_A7_35T/Basys-3-Master.xdc]
Finished Parsing XDC File [C:/Users/JosephThompson/VivadoProjects/Basys3_bd_withGPIO/Basys3_bd_withGPIO.srcs/constrs_1/imports/Basys3Artix7_A7_35T/Basys-3-Master.xdc]
INFO: [Project 1-236] Implementation specific constraints were found while reading constraint file [C:/Users/JosephThompson/VivadoProjects/Basys3_bd_withGPIO/Basys3_bd_withGPIO.srcs/constrs_1/imports/Basys3Artix7_A7_35T/Basys-3-Master.xdc]. These constraints will be ignored for synthesis but will be used in implementation. Impacted constraints are listed in the file [.Xil/design_2_wrapper_propImpl.xdc].
Resolution: To avoid this warning, move constraints listed in [.Xil/design_2_wrapper_propImpl.xdc] to another XDC file and exclude this new file from synthesis with the used_in_synthesis property (File Properties dialog in GUI) and re-run elaboration/synthesis.
Parsing XDC File [C:/Users/JosephThompson/VivadoProjects/Basys3_bd_withGPIO/Basys3_bd_withGPIO.runs/synth_1/dont_touch.xdc]
Finished Parsing XDC File [C:/Users/JosephThompson/VivadoProjects/Basys3_bd_withGPIO/Basys3_bd_withGPIO.runs/synth_1/dont_touch.xdc]
Completed Processing XDC Constraints

Netlist sorting complete. Time (s): cpu = 00:00:00 ; elapsed = 00:00:00 . Memory (MB): peak = 1519.352 ; gain = 0.000
INFO: [Project 1-111] Unisim Transformation Summary:
  A total of 2 instances were transformed.
  IOBUF => IOBUF (IBUF, OBUFT): 2 instances

The system cannot find the path specified.
Constraint Validation Runtime : Time (s): cpu = 00:00:00 ; elapsed = 00:00:00.007 . Memory (MB): peak = 1519.352 ; gain = 0.000
WARNING: [Timing 38-316] Clock period '20.000' specified during out-of-context synthesis of instance 'design_2_i/blk_mem_gen_0' at clock pin 'clka' is different from the actual clock period '10.000', this can lead to different synthesis results.
WARNING: [Timing 38-316] Clock period '20.000' specified during out-of-context synthesis of instance 'design_2_i/microblaze_0_local_memory/lmb_bram' at clock pin 'clka' is different from the actual clock period '10.000', this can lead to different synthesis results.
INFO: [Designutils 20-5440] No compile time benefit to using incremental synthesis; A full resynthesis will be run
INFO: [Designutils 20-4379] Flow is switching to default flow due to incremental criteria not met. If you would like to alter this behaviour and have the flow terminate instead, please set the following parameter config_implementation {autoIncr.Synth.RejectBehavior Terminate}
---------------------------------------------------------------------------------
Finished Constraint Validation : Time (s): cpu = 00:00:07 ; elapsed = 00:00:18 . Memory (MB): peak = 1519.352 ; gain = 595.621
---------------------------------------------------------------------------------
---------------------------------------------------------------------------------
Start Loading Part and Timing Information
---------------------------------------------------------------------------------
Loading part: xc7a35tcpg236-1
---------------------------------------------------------------------------------
Finished Loading Part and Timing Information : Time (s): cpu = 00:00:07 ; elapsed = 00:00:18 . Memory (MB): peak = 1519.352 ; gain = 595.621
---------------------------------------------------------------------------------
---------------------------------------------------------------------------------
Start Applying 'set_property' XDC Constraints
---------------------------------------------------------------------------------
Applied set_property IO_BUFFER_TYPE = NONE for clk. (constraint file  c:/Users/JosephThompson/VivadoProjects/Basys3_bd_withGPIO/Basys3_bd_withGPIO.gen/sources_1/bd/design_2/ip/design_2_clk_wiz_0_0/design_2_clk_wiz_0_0/design_2_clk_wiz_0_0_in_context.xdc, line 4).
Applied set_property CLOCK_BUFFER_TYPE = NONE for clk. (constraint file  c:/Users/JosephThompson/VivadoProjects/Basys3_bd_withGPIO/Basys3_bd_withGPIO.gen/sources_1/bd/design_2/ip/design_2_clk_wiz_0_0/design_2_clk_wiz_0_0/design_2_clk_wiz_0_0_in_context.xdc, line 5).
Applied set_property KEEP_HIERARCHY = SOFT for design_2_i. (constraint file  auto generated constraint).
Applied set_property KEEP_HIERARCHY = SOFT for design_2_i/clk_wiz_0. (constraint file  auto generated constraint).
Applied set_property KEEP_HIERARCHY = SOFT for design_2_i/microblaze_0. (constraint file  auto generated constraint).
Applied set_property KEEP_HIERARCHY = SOFT for design_2_i/microblaze_0_local_memory/dlmb_v10. (constraint file  auto generated constraint).
Applied set_property KEEP_HIERARCHY = SOFT for design_2_i/microblaze_0_local_memory/ilmb_v10. (constraint file  auto generated constraint).
Applied set_property KEEP_HIERARCHY = SOFT for design_2_i/microblaze_0_local_memory/dlmb_bram_if_cntlr. (constraint file  auto generated constraint).
Applied set_property KEEP_HIERARCHY = SOFT for design_2_i/microblaze_0_local_memory/ilmb_bram_if_cntlr. (constraint file  auto generated constraint).
Applied set_property KEEP_HIERARCHY = SOFT for design_2_i/microblaze_0_local_memory/lmb_bram. (constraint file  auto generated constraint).
Applied set_property KEEP_HIERARCHY = SOFT for design_2_i/microblaze_0_axi_intc. (constraint file  auto generated constraint).
Applied set_property KEEP_HIERARCHY = SOFT for design_2_i/microblaze_0_xlconcat. (constraint file  auto generated constraint).
Applied set_property KEEP_HIERARCHY = SOFT for design_2_i/mdm_1. (constraint file  auto generated constraint).
Applied set_property KEEP_HIERARCHY = SOFT for design_2_i/rst_clk_wiz_0_100M. (constraint file  auto generated constraint).
Applied set_property KEEP_HIERARCHY = SOFT for design_2_i/axi_gpio_0. (constraint file  auto generated constraint).
Applied set_property KEEP_HIERARCHY = SOFT for design_2_i/axi_gpio_1. (constraint file  auto generated constraint).
Applied set_property KEEP_HIERARCHY = SOFT for design_2_i/axi_uartlite_0. (constraint file  auto generated constraint).
Applied set_property KEEP_HIERARCHY = SOFT for design_2_i/axi_timer_0. (constraint file  auto generated constraint).
Applied set_property KEEP_HIERARCHY = SOFT for design_2_i/axi_ps2_0. (constraint file  auto generated constraint).
Applied set_property KEEP_HIERARCHY = SOFT for design_2_i/microblaze_0_axi_periph/xbar. (constraint file  auto generated constraint).
Applied set_property KEEP_HIERARCHY = SOFT for design_2_i/microblaze_0_axi_periph/m07_couplers/auto_pc. (constraint file  auto generated constraint).
Applied set_property KEEP_HIERARCHY = SOFT for design_2_i/microblaze_0_axi_periph. (constraint file  auto generated constraint).
Applied set_property KEEP_HIERARCHY = SOFT for design_2_i/axi_bram_ctrl_0. (constraint file  auto generated constraint).
Applied set_property KEEP_HIERARCHY = SOFT for design_2_i/blk_mem_gen_0. (constraint file  auto generated constraint).
Applied set_property KEEP_HIERARCHY = SOFT for design_2_i/vga_test_0. (constraint file  auto generated constraint).
---------------------------------------------------------------------------------
Finished applying 'set_property' XDC Constraints : Time (s): cpu = 00:00:07 ; elapsed = 00:00:18 . Memory (MB): peak = 1519.352 ; gain = 595.621
---------------------------------------------------------------------------------
---------------------------------------------------------------------------------
Finished RTL Optimization Phase 2 : Time (s): cpu = 00:00:07 ; elapsed = 00:00:18 . Memory (MB): peak = 1519.352 ; gain = 595.621
---------------------------------------------------------------------------------
---------------------------------------------------------------------------------
Start RTL Component Statistics 
---------------------------------------------------------------------------------
Detailed RTL Component Info : 
---------------------------------------------------------------------------------
Finished RTL Component Statistics 
---------------------------------------------------------------------------------
---------------------------------------------------------------------------------
Start Part Resource Summary
---------------------------------------------------------------------------------
Part Resources:
DSPs: 90 (col length:60)
BRAMs: 100 (col length: RAMB18 60 RAMB36 30)
---------------------------------------------------------------------------------
Finished Part Resource Summary
---------------------------------------------------------------------------------
---------------------------------------------------------------------------------
Start Cross Boundary and Area Optimization
---------------------------------------------------------------------------------
WARNING: [Synth 8-7080] Parallel synthesis criteria is not met
---------------------------------------------------------------------------------
Finished Cross Boundary and Area Optimization : Time (s): cpu = 00:00:08 ; elapsed = 00:00:21 . Memory (MB): peak = 1519.352 ; gain = 595.621
---------------------------------------------------------------------------------
---------------------------------------------------------------------------------
Start Applying XDC Timing Constraints
---------------------------------------------------------------------------------
---------------------------------------------------------------------------------
Finished Applying XDC Timing Constraints : Time (s): cpu = 00:00:11 ; elapsed = 00:00:27 . Memory (MB): peak = 1519.352 ; gain = 595.621
---------------------------------------------------------------------------------
---------------------------------------------------------------------------------
Start Timing Optimization
---------------------------------------------------------------------------------
---------------------------------------------------------------------------------
Finished Timing Optimization : Time (s): cpu = 00:00:11 ; elapsed = 00:00:27 . Memory (MB): peak = 1519.352 ; gain = 595.621
---------------------------------------------------------------------------------
---------------------------------------------------------------------------------
Start Technology Mapping
---------------------------------------------------------------------------------
---------------------------------------------------------------------------------
Finished Technology Mapping : Time (s): cpu = 00:00:11 ; elapsed = 00:00:27 . Memory (MB): peak = 1519.352 ; gain = 595.621
---------------------------------------------------------------------------------
---------------------------------------------------------------------------------
Start IO Insertion
---------------------------------------------------------------------------------
---------------------------------------------------------------------------------
Start Flattening Before IO Insertion
---------------------------------------------------------------------------------
---------------------------------------------------------------------------------
Finished Flattening Before IO Insertion
---------------------------------------------------------------------------------
---------------------------------------------------------------------------------
Start Final Netlist Cleanup
---------------------------------------------------------------------------------
---------------------------------------------------------------------------------
Finished Final Netlist Cleanup
---------------------------------------------------------------------------------
---------------------------------------------------------------------------------
Finished IO Insertion : Time (s): cpu = 00:00:13 ; elapsed = 00:00:32 . Memory (MB): peak = 1519.352 ; gain = 595.621
---------------------------------------------------------------------------------
---------------------------------------------------------------------------------
Start Renaming Generated Instances
---------------------------------------------------------------------------------
---------------------------------------------------------------------------------
Finished Renaming Generated Instances : Time (s): cpu = 00:00:13 ; elapsed = 00:00:32 . Memory (MB): peak = 1519.352 ; gain = 595.621
---------------------------------------------------------------------------------
---------------------------------------------------------------------------------
Start Rebuilding User Hierarchy
---------------------------------------------------------------------------------
---------------------------------------------------------------------------------
Finished Rebuilding User Hierarchy : Time (s): cpu = 00:00:13 ; elapsed = 00:00:32 . Memory (MB): peak = 1519.352 ; gain = 595.621
---------------------------------------------------------------------------------
---------------------------------------------------------------------------------
Start Renaming Generated Ports
---------------------------------------------------------------------------------
---------------------------------------------------------------------------------
Finished Renaming Generated Ports : Time (s): cpu = 00:00:13 ; elapsed = 00:00:32 . Memory (MB): peak = 1519.352 ; gain = 595.621
---------------------------------------------------------------------------------
---------------------------------------------------------------------------------
Start Handling Custom Attributes
---------------------------------------------------------------------------------
---------------------------------------------------------------------------------
Finished Handling Custom Attributes : Time (s): cpu = 00:00:13 ; elapsed = 00:00:32 . Memory (MB): peak = 1519.352 ; gain = 595.621
---------------------------------------------------------------------------------
---------------------------------------------------------------------------------
Start Renaming Generated Nets
---------------------------------------------------------------------------------
---------------------------------------------------------------------------------
Finished Renaming Generated Nets : Time (s): cpu = 00:00:13 ; elapsed = 00:00:32 . Memory (MB): peak = 1519.352 ; gain = 595.621
---------------------------------------------------------------------------------
---------------------------------------------------------------------------------
Start Writing Synthesis Report
---------------------------------------------------------------------------------

Report BlackBoxes: 
+------+---------------------------------+----------+
|      |BlackBox name                    |Instances |
+------+---------------------------------+----------+
|1     |design_2_xbar_0                  |         1|
|2     |design_2_auto_pc_0               |         1|
|3     |design_2_axi_bram_ctrl_0_0       |         1|
|4     |design_2_axi_gpio_0_1            |         1|
|5     |design_2_axi_gpio_1_0            |         1|
|6     |design_2_axi_ps2_0_0             |         1|
|7     |design_2_axi_timer_0_0           |         1|
|8     |design_2_axi_uartlite_0_0        |         1|
|9     |design_2_blk_mem_gen_0_0         |         1|
|10    |design_2_clk_wiz_0_0             |         1|
|11    |design_2_mdm_1_0                 |         1|
|12    |design_2_microblaze_0_0          |         1|
|13    |design_2_microblaze_0_axi_intc_0 |         1|
|14    |design_2_rst_clk_wiz_0_100M_0    |         1|
|15    |design_2_vga_test_0_1            |         1|
|16    |design_2_dlmb_bram_if_cntlr_0    |         1|
|17    |design_2_dlmb_v10_0              |         1|
|18    |design_2_ilmb_bram_if_cntlr_0    |         1|
|19    |design_2_ilmb_v10_0              |         1|
|20    |design_2_lmb_bram_0              |         1|
+------+---------------------------------+----------+

Report Cell Usage: 
+------+-------------------------------+------+
|      |Cell                           |Count |
+------+-------------------------------+------+
|1     |design_2_auto_pc               |     1|
|2     |design_2_axi_bram_ctrl_0       |     1|
|3     |design_2_axi_gpio_0            |     1|
|4     |design_2_axi_gpio_1            |     1|
|5     |design_2_axi_ps2_0             |     1|
|6     |design_2_axi_timer_0           |     1|
|7     |design_2_axi_uartlite_0        |     1|
|8     |design_2_blk_mem_gen_0         |     1|
|9     |design_2_clk_wiz_0             |     1|
|10    |design_2_dlmb_bram_if_cntlr    |     1|
|11    |design_2_dlmb_v10              |     1|
|12    |design_2_ilmb_bram_if_cntlr    |     1|
|13    |design_2_ilmb_v10              |     1|
|14    |design_2_lmb_bram              |     1|
|15    |design_2_mdm_1                 |     1|
|16    |design_2_microblaze_0          |     1|
|17    |design_2_microblaze_0_axi_intc |     1|
|18    |design_2_rst_clk_wiz_0_100M    |     1|
|19    |design_2_vga_test_0            |     1|
|20    |design_2_xbar                  |     1|
|21    |IBUF                           |     6|
|22    |IOBUF                          |     2|
|23    |OBUF                           |    43|
+------+-------------------------------+------+
---------------------------------------------------------------------------------
Finished Writing Synthesis Report : Time (s): cpu = 00:00:13 ; elapsed = 00:00:32 . Memory (MB): peak = 1519.352 ; gain = 595.621
---------------------------------------------------------------------------------
Synthesis finished with 0 errors, 0 critical warnings and 19 warnings.
Synthesis Optimization Runtime : Time (s): cpu = 00:00:09 ; elapsed = 00:00:30 . Memory (MB): peak = 1519.352 ; gain = 560.789
Synthesis Optimization Complete : Time (s): cpu = 00:00:13 ; elapsed = 00:00:33 . Memory (MB): peak = 1519.352 ; gain = 595.621
INFO: [Project 1-571] Translating synthesized netlist
Netlist sorting complete. Time (s): cpu = 00:00:00 ; elapsed = 00:00:00.061 . Memory (MB): peak = 1519.352 ; gain = 0.000
INFO: [Netlist 29-17] Analyzing 2 Unisim elements for replacement
INFO: [Netlist 29-28] Unisim Transformation completed in 0 CPU seconds
INFO: [Project 1-570] Preparing netlist for logic optimization
INFO: [Opt 31-138] Pushed 0 inverter(s) to 0 load pin(s).
Netlist sorting complete. Time (s): cpu = 00:00:00 ; elapsed = 00:00:00 . Memory (MB): peak = 1519.352 ; gain = 0.000
INFO: [Project 1-111] Unisim Transformation Summary:
  A total of 2 instances were transformed.
  IOBUF => IOBUF (IBUF, OBUFT): 2 instances

The system cannot find the path specified.
Synth Design complete | Checksum: 6e3fa9c
INFO: [Common 17-83] Releasing license: Synthesis
100 Infos, 126 Warnings, 0 Critical Warnings and 0 Errors encountered.
synth_design completed successfully
synth_design: Time (s): cpu = 00:00:16 ; elapsed = 00:00:39 . Memory (MB): peak = 1519.352 ; gain = 989.480
Write ShapeDB Complete: Time (s): cpu = 00:00:00 ; elapsed = 00:00:00.002 . Memory (MB): peak = 1519.352 ; gain = 0.000
INFO: [Common 17-1381] The checkpoint 'C:/Users/JosephThompson/VivadoProjects/Basys3_bd_withGPIO/Basys3_bd_withGPIO.runs/synth_1/design_2_wrapper.dcp' has been generated.
INFO: [runtcl-4] Executing : report_utilization -file design_2_wrapper_utilization_synth.rpt -pb design_2_wrapper_utilization_synth.pb
INFO: [Common 17-206] Exiting Vivado at Tue May 27 00:17:10 2025...
