
*** Running vivado
    with args -log vga_test.vds -m64 -product Vivado -mode batch -messageDb vivado.pb -notrace -source vga_test.tcl


ECHO is off.
ECHO is off.

****** Vivado v2023.2 (64-bit)
  **** SW Build 4029153 on Fri Oct 13 20:14:34 MDT 2023
  **** IP Build 4028589 on Sat Oct 14 00:45:43 MDT 2023
  **** SharedData Build 4025554 on Tue Oct 10 17:18:54 MDT 2023
    ** Copyright 1986-2022 Xilinx, Inc. All Rights Reserved.
    ** Copyright 2022-2023 Advanced Micro Devices, Inc. All Rights Reserved.

source vga_test.tcl -notrace
create_project: Time (s): cpu = 00:00:04 ; elapsed = 00:00:08 . Memory (MB): peak = 485.152 ; gain = 181.496
Command: read_checkpoint -auto_incremental -incremental C:/Users/JosephThompson/VivadoProjects/Ex1/Ex1.srcs/utils_1/imports/synth_1/vga_test.dcp
INFO: [Vivado 12-5825] Read reference checkpoint from C:/Users/JosephThompson/VivadoProjects/Ex1/Ex1.srcs/utils_1/imports/synth_1/vga_test.dcp for incremental synthesis
INFO: [Vivado 12-7989] Please ensure there are no constraint changes
Command: synth_design -top vga_test -part xc7a35tcpg236-1
Starting synth_design
Attempting to get a license for feature 'Synthesis' and/or device 'xc7a35t'
INFO: [Common 17-349] Got license for feature 'Synthesis' and/or device 'xc7a35t'
INFO: [Device 21-403] Loading part xc7a35tcpg236-1
INFO: [Designutils 20-5440] No compile time benefit to using incremental synthesis; A full resynthesis will be run
INFO: [Designutils 20-4379] Flow is switching to default flow due to incremental criteria not met. If you would like to alter this behaviour and have the flow terminate instead, please set the following parameter config_implementation {autoIncr.Synth.RejectBehavior Terminate}
INFO: [Synth 8-7079] Multithreading enabled for synth_design using a maximum of 2 processes.
INFO: [Synth 8-7078] Launching helper process for spawning children vivado processes
INFO: [Synth 8-7075] Helper process launched with PID 35600
---------------------------------------------------------------------------------
Starting RTL Elaboration : Time (s): cpu = 00:00:01 ; elapsed = 00:00:05 . Memory (MB): peak = 1321.438 ; gain = 439.262
---------------------------------------------------------------------------------
INFO: [Synth 8-6157] synthesizing module 'vga_test' [C:/Users/JosephThompson/VivadoProjects/Ex1/Ex1.srcs/sources_1/new/top.v:2]
INFO: [Synth 8-6157] synthesizing module 'vga_controller' [C:/Users/JosephThompson/VivadoProjects/Ex1/Ex1.srcs/sources_1/new/vga_controller.v:11]
INFO: [Synth 8-6155] done synthesizing module 'vga_controller' (0#1) [C:/Users/JosephThompson/VivadoProjects/Ex1/Ex1.srcs/sources_1/new/vga_controller.v:11]
INFO: [Synth 8-6155] done synthesizing module 'vga_test' (0#1) [C:/Users/JosephThompson/VivadoProjects/Ex1/Ex1.srcs/sources_1/new/top.v:2]
WARNING: [Synth 8-4767] Trying to implement RAM ' ' in registers. Block RAM or DRAM implementation is not possible; see log for reasons.
	1: Unable to determine number of words or word size in RAM. 
	2: No valid read/write found for RAM. 
RAM dissolved into registers
WARNING: [Synth 8-3848] Net framebuffer in module/entity vga_test does not have driver. [C:/Users/JosephThompson/VivadoProjects/Ex1/Ex1.srcs/sources_1/new/top.v:14]
WARNING: [Synth 8-3848] Net framebuffer in module/entity vga_test does not have driver. [C:/Users/JosephThompson/VivadoProjects/Ex1/Ex1.srcs/sources_1/new/top.v:14]
WARNING: [Synth 8-3848] Net framebuffer in module/entity vga_test does not have driver. [C:/Users/JosephThompson/VivadoProjects/Ex1/Ex1.srcs/sources_1/new/top.v:14]
WARNING: [Synth 8-3848] Net framebuffer in module/entity vga_test does not have driver. [C:/Users/JosephThompson/VivadoProjects/Ex1/Ex1.srcs/sources_1/new/top.v:14]
WARNING: [Synth 8-3848] Net framebuffer in module/entity vga_test does not have driver. [C:/Users/JosephThompson/VivadoProjects/Ex1/Ex1.srcs/sources_1/new/top.v:14]
WARNING: [Synth 8-3848] Net framebuffer in module/entity vga_test does not have driver. [C:/Users/JosephThompson/VivadoProjects/Ex1/Ex1.srcs/sources_1/new/top.v:14]
WARNING: [Synth 8-3848] Net framebuffer in module/entity vga_test does not have driver. [C:/Users/JosephThompson/VivadoProjects/Ex1/Ex1.srcs/sources_1/new/top.v:14]
WARNING: [Synth 8-3848] Net framebuffer in module/entity vga_test does not have driver. [C:/Users/JosephThompson/VivadoProjects/Ex1/Ex1.srcs/sources_1/new/top.v:14]
WARNING: [Synth 8-3848] Net framebuffer in module/entity vga_test does not have driver. [C:/Users/JosephThompson/VivadoProjects/Ex1/Ex1.srcs/sources_1/new/top.v:14]
WARNING: [Synth 8-3848] Net framebuffer in module/entity vga_test does not have driver. [C:/Users/JosephThompson/VivadoProjects/Ex1/Ex1.srcs/sources_1/new/top.v:14]
WARNING: [Synth 8-3848] Net framebuffer in module/entity vga_test does not have driver. [C:/Users/JosephThompson/VivadoProjects/Ex1/Ex1.srcs/sources_1/new/top.v:14]
WARNING: [Synth 8-3848] Net framebuffer in module/entity vga_test does not have driver. [C:/Users/JosephThompson/VivadoProjects/Ex1/Ex1.srcs/sources_1/new/top.v:14]
WARNING: [Synth 8-3848] Net framebuffer in module/entity vga_test does not have driver. [C:/Users/JosephThompson/VivadoProjects/Ex1/Ex1.srcs/sources_1/new/top.v:14]
WARNING: [Synth 8-3848] Net framebuffer in module/entity vga_test does not have driver. [C:/Users/JosephThompson/VivadoProjects/Ex1/Ex1.srcs/sources_1/new/top.v:14]
WARNING: [Synth 8-3848] Net framebuffer in module/entity vga_test does not have driver. [C:/Users/JosephThompson/VivadoProjects/Ex1/Ex1.srcs/sources_1/new/top.v:14]
WARNING: [Synth 8-3848] Net framebuffer in module/entity vga_test does not have driver. [C:/Users/JosephThompson/VivadoProjects/Ex1/Ex1.srcs/sources_1/new/top.v:14]
WARNING: [Synth 8-3848] Net framebuffer in module/entity vga_test does not have driver. [C:/Users/JosephThompson/VivadoProjects/Ex1/Ex1.srcs/sources_1/new/top.v:14]
WARNING: [Synth 8-3848] Net framebuffer in module/entity vga_test does not have driver. [C:/Users/JosephThompson/VivadoProjects/Ex1/Ex1.srcs/sources_1/new/top.v:14]
WARNING: [Synth 8-3848] Net framebuffer in module/entity vga_test does not have driver. [C:/Users/JosephThompson/VivadoProjects/Ex1/Ex1.srcs/sources_1/new/top.v:14]
WARNING: [Synth 8-3848] Net framebuffer in module/entity vga_test does not have driver. [C:/Users/JosephThompson/VivadoProjects/Ex1/Ex1.srcs/sources_1/new/top.v:14]
WARNING: [Synth 8-3848] Net framebuffer in module/entity vga_test does not have driver. [C:/Users/JosephThompson/VivadoProjects/Ex1/Ex1.srcs/sources_1/new/top.v:14]
WARNING: [Synth 8-3848] Net framebuffer in module/entity vga_test does not have driver. [C:/Users/JosephThompson/VivadoProjects/Ex1/Ex1.srcs/sources_1/new/top.v:14]
WARNING: [Synth 8-3848] Net framebuffer in module/entity vga_test does not have driver. [C:/Users/JosephThompson/VivadoProjects/Ex1/Ex1.srcs/sources_1/new/top.v:14]
WARNING: [Synth 8-3848] Net framebuffer in module/entity vga_test does not have driver. [C:/Users/JosephThompson/VivadoProjects/Ex1/Ex1.srcs/sources_1/new/top.v:14]
WARNING: [Synth 8-3848] Net framebuffer in module/entity vga_test does not have driver. [C:/Users/JosephThompson/VivadoProjects/Ex1/Ex1.srcs/sources_1/new/top.v:14]
WARNING: [Synth 8-3848] Net framebuffer in module/entity vga_test does not have driver. [C:/Users/JosephThompson/VivadoProjects/Ex1/Ex1.srcs/sources_1/new/top.v:14]
WARNING: [Synth 8-3848] Net framebuffer in module/entity vga_test does not have driver. [C:/Users/JosephThompson/VivadoProjects/Ex1/Ex1.srcs/sources_1/new/top.v:14]
WARNING: [Synth 8-3848] Net framebuffer in module/entity vga_test does not have driver. [C:/Users/JosephThompson/VivadoProjects/Ex1/Ex1.srcs/sources_1/new/top.v:14]
WARNING: [Synth 8-3848] Net framebuffer in module/entity vga_test does not have driver. [C:/Users/JosephThompson/VivadoProjects/Ex1/Ex1.srcs/sources_1/new/top.v:14]
WARNING: [Synth 8-3848] Net framebuffer in module/entity vga_test does not have driver. [C:/Users/JosephThompson/VivadoProjects/Ex1/Ex1.srcs/sources_1/new/top.v:14]
WARNING: [Synth 8-3848] Net framebuffer in module/entity vga_test does not have driver. [C:/Users/JosephThompson/VivadoProjects/Ex1/Ex1.srcs/sources_1/new/top.v:14]
WARNING: [Synth 8-3848] Net framebuffer in module/entity vga_test does not have driver. [C:/Users/JosephThompson/VivadoProjects/Ex1/Ex1.srcs/sources_1/new/top.v:14]
WARNING: [Synth 8-3848] Net framebuffer in module/entity vga_test does not have driver. [C:/Users/JosephThompson/VivadoProjects/Ex1/Ex1.srcs/sources_1/new/top.v:14]
WARNING: [Synth 8-3848] Net framebuffer in module/entity vga_test does not have driver. [C:/Users/JosephThompson/VivadoProjects/Ex1/Ex1.srcs/sources_1/new/top.v:14]
WARNING: [Synth 8-3848] Net framebuffer in module/entity vga_test does not have driver. [C:/Users/JosephThompson/VivadoProjects/Ex1/Ex1.srcs/sources_1/new/top.v:14]
WARNING: [Synth 8-3848] Net framebuffer in module/entity vga_test does not have driver. [C:/Users/JosephThompson/VivadoProjects/Ex1/Ex1.srcs/sources_1/new/top.v:14]
WARNING: [Synth 8-3848] Net framebuffer in module/entity vga_test does not have driver. [C:/Users/JosephThompson/VivadoProjects/Ex1/Ex1.srcs/sources_1/new/top.v:14]
WARNING: [Synth 8-3848] Net framebuffer in module/entity vga_test does not have driver. [C:/Users/JosephThompson/VivadoProjects/Ex1/Ex1.srcs/sources_1/new/top.v:14]
WARNING: [Synth 8-3848] Net framebuffer in module/entity vga_test does not have driver. [C:/Users/JosephThompson/VivadoProjects/Ex1/Ex1.srcs/sources_1/new/top.v:14]
WARNING: [Synth 8-3848] Net framebuffer in module/entity vga_test does not have driver. [C:/Users/JosephThompson/VivadoProjects/Ex1/Ex1.srcs/sources_1/new/top.v:14]
WARNING: [Synth 8-3848] Net framebuffer in module/entity vga_test does not have driver. [C:/Users/JosephThompson/VivadoProjects/Ex1/Ex1.srcs/sources_1/new/top.v:14]
WARNING: [Synth 8-3848] Net framebuffer in module/entity vga_test does not have driver. [C:/Users/JosephThompson/VivadoProjects/Ex1/Ex1.srcs/sources_1/new/top.v:14]
WARNING: [Synth 8-3848] Net framebuffer in module/entity vga_test does not have driver. [C:/Users/JosephThompson/VivadoProjects/Ex1/Ex1.srcs/sources_1/new/top.v:14]
WARNING: [Synth 8-3848] Net framebuffer in module/entity vga_test does not have driver. [C:/Users/JosephThompson/VivadoProjects/Ex1/Ex1.srcs/sources_1/new/top.v:14]
WARNING: [Synth 8-3848] Net framebuffer in module/entity vga_test does not have driver. [C:/Users/JosephThompson/VivadoProjects/Ex1/Ex1.srcs/sources_1/new/top.v:14]
WARNING: [Synth 8-3848] Net framebuffer in module/entity vga_test does not have driver. [C:/Users/JosephThompson/VivadoProjects/Ex1/Ex1.srcs/sources_1/new/top.v:14]
WARNING: [Synth 8-3848] Net framebuffer in module/entity vga_test does not have driver. [C:/Users/JosephThompson/VivadoProjects/Ex1/Ex1.srcs/sources_1/new/top.v:14]
WARNING: [Synth 8-3848] Net framebuffer in module/entity vga_test does not have driver. [C:/Users/JosephThompson/VivadoProjects/Ex1/Ex1.srcs/sources_1/new/top.v:14]
WARNING: [Synth 8-3848] Net framebuffer in module/entity vga_test does not have driver. [C:/Users/JosephThompson/VivadoProjects/Ex1/Ex1.srcs/sources_1/new/top.v:14]
WARNING: [Synth 8-3848] Net framebuffer in module/entity vga_test does not have driver. [C:/Users/JosephThompson/VivadoProjects/Ex1/Ex1.srcs/sources_1/new/top.v:14]
WARNING: [Synth 8-3848] Net framebuffer in module/entity vga_test does not have driver. [C:/Users/JosephThompson/VivadoProjects/Ex1/Ex1.srcs/sources_1/new/top.v:14]
WARNING: [Synth 8-3848] Net framebuffer in module/entity vga_test does not have driver. [C:/Users/JosephThompson/VivadoProjects/Ex1/Ex1.srcs/sources_1/new/top.v:14]
WARNING: [Synth 8-3848] Net framebuffer in module/entity vga_test does not have driver. [C:/Users/JosephThompson/VivadoProjects/Ex1/Ex1.srcs/sources_1/new/top.v:14]
WARNING: [Synth 8-3848] Net framebuffer in module/entity vga_test does not have driver. [C:/Users/JosephThompson/VivadoProjects/Ex1/Ex1.srcs/sources_1/new/top.v:14]
WARNING: [Synth 8-3848] Net framebuffer in module/entity vga_test does not have driver. [C:/Users/JosephThompson/VivadoProjects/Ex1/Ex1.srcs/sources_1/new/top.v:14]
WARNING: [Synth 8-3848] Net framebuffer in module/entity vga_test does not have driver. [C:/Users/JosephThompson/VivadoProjects/Ex1/Ex1.srcs/sources_1/new/top.v:14]
WARNING: [Synth 8-3848] Net framebuffer in module/entity vga_test does not have driver. [C:/Users/JosephThompson/VivadoProjects/Ex1/Ex1.srcs/sources_1/new/top.v:14]
WARNING: [Synth 8-3848] Net framebuffer in module/entity vga_test does not have driver. [C:/Users/JosephThompson/VivadoProjects/Ex1/Ex1.srcs/sources_1/new/top.v:14]
WARNING: [Synth 8-3848] Net framebuffer in module/entity vga_test does not have driver. [C:/Users/JosephThompson/VivadoProjects/Ex1/Ex1.srcs/sources_1/new/top.v:14]
WARNING: [Synth 8-3848] Net framebuffer in module/entity vga_test does not have driver. [C:/Users/JosephThompson/VivadoProjects/Ex1/Ex1.srcs/sources_1/new/top.v:14]
WARNING: [Synth 8-3848] Net framebuffer in module/entity vga_test does not have driver. [C:/Users/JosephThompson/VivadoProjects/Ex1/Ex1.srcs/sources_1/new/top.v:14]
WARNING: [Synth 8-3848] Net framebuffer in module/entity vga_test does not have driver. [C:/Users/JosephThompson/VivadoProjects/Ex1/Ex1.srcs/sources_1/new/top.v:14]
WARNING: [Synth 8-3848] Net framebuffer in module/entity vga_test does not have driver. [C:/Users/JosephThompson/VivadoProjects/Ex1/Ex1.srcs/sources_1/new/top.v:14]
WARNING: [Synth 8-3848] Net framebuffer in module/entity vga_test does not have driver. [C:/Users/JosephThompson/VivadoProjects/Ex1/Ex1.srcs/sources_1/new/top.v:14]
WARNING: [Synth 8-3848] Net framebuffer in module/entity vga_test does not have driver. [C:/Users/JosephThompson/VivadoProjects/Ex1/Ex1.srcs/sources_1/new/top.v:14]
WARNING: [Synth 8-3848] Net framebuffer in module/entity vga_test does not have driver. [C:/Users/JosephThompson/VivadoProjects/Ex1/Ex1.srcs/sources_1/new/top.v:14]
WARNING: [Synth 8-3848] Net framebuffer in module/entity vga_test does not have driver. [C:/Users/JosephThompson/VivadoProjects/Ex1/Ex1.srcs/sources_1/new/top.v:14]
WARNING: [Synth 8-3848] Net framebuffer in module/entity vga_test does not have driver. [C:/Users/JosephThompson/VivadoProjects/Ex1/Ex1.srcs/sources_1/new/top.v:14]
WARNING: [Synth 8-3848] Net framebuffer in module/entity vga_test does not have driver. [C:/Users/JosephThompson/VivadoProjects/Ex1/Ex1.srcs/sources_1/new/top.v:14]
WARNING: [Synth 8-3848] Net framebuffer in module/entity vga_test does not have driver. [C:/Users/JosephThompson/VivadoProjects/Ex1/Ex1.srcs/sources_1/new/top.v:14]
WARNING: [Synth 8-3848] Net framebuffer in module/entity vga_test does not have driver. [C:/Users/JosephThompson/VivadoProjects/Ex1/Ex1.srcs/sources_1/new/top.v:14]
WARNING: [Synth 8-3848] Net framebuffer in module/entity vga_test does not have driver. [C:/Users/JosephThompson/VivadoProjects/Ex1/Ex1.srcs/sources_1/new/top.v:14]
WARNING: [Synth 8-3848] Net framebuffer in module/entity vga_test does not have driver. [C:/Users/JosephThompson/VivadoProjects/Ex1/Ex1.srcs/sources_1/new/top.v:14]
WARNING: [Synth 8-3848] Net framebuffer in module/entity vga_test does not have driver. [C:/Users/JosephThompson/VivadoProjects/Ex1/Ex1.srcs/sources_1/new/top.v:14]
WARNING: [Synth 8-3848] Net framebuffer in module/entity vga_test does not have driver. [C:/Users/JosephThompson/VivadoProjects/Ex1/Ex1.srcs/sources_1/new/top.v:14]
WARNING: [Synth 8-3848] Net framebuffer in module/entity vga_test does not have driver. [C:/Users/JosephThompson/VivadoProjects/Ex1/Ex1.srcs/sources_1/new/top.v:14]
WARNING: [Synth 8-3848] Net framebuffer in module/entity vga_test does not have driver. [C:/Users/JosephThompson/VivadoProjects/Ex1/Ex1.srcs/sources_1/new/top.v:14]
WARNING: [Synth 8-3848] Net framebuffer in module/entity vga_test does not have driver. [C:/Users/JosephThompson/VivadoProjects/Ex1/Ex1.srcs/sources_1/new/top.v:14]
WARNING: [Synth 8-3848] Net framebuffer in module/entity vga_test does not have driver. [C:/Users/JosephThompson/VivadoProjects/Ex1/Ex1.srcs/sources_1/new/top.v:14]
WARNING: [Synth 8-3848] Net framebuffer in module/entity vga_test does not have driver. [C:/Users/JosephThompson/VivadoProjects/Ex1/Ex1.srcs/sources_1/new/top.v:14]
WARNING: [Synth 8-3848] Net framebuffer in module/entity vga_test does not have driver. [C:/Users/JosephThompson/VivadoProjects/Ex1/Ex1.srcs/sources_1/new/top.v:14]
WARNING: [Synth 8-3848] Net framebuffer in module/entity vga_test does not have driver. [C:/Users/JosephThompson/VivadoProjects/Ex1/Ex1.srcs/sources_1/new/top.v:14]
WARNING: [Synth 8-3848] Net framebuffer in module/entity vga_test does not have driver. [C:/Users/JosephThompson/VivadoProjects/Ex1/Ex1.srcs/sources_1/new/top.v:14]
WARNING: [Synth 8-3848] Net framebuffer in module/entity vga_test does not have driver. [C:/Users/JosephThompson/VivadoProjects/Ex1/Ex1.srcs/sources_1/new/top.v:14]
WARNING: [Synth 8-3848] Net framebuffer in module/entity vga_test does not have driver. [C:/Users/JosephThompson/VivadoProjects/Ex1/Ex1.srcs/sources_1/new/top.v:14]
WARNING: [Synth 8-3848] Net framebuffer in module/entity vga_test does not have driver. [C:/Users/JosephThompson/VivadoProjects/Ex1/Ex1.srcs/sources_1/new/top.v:14]
WARNING: [Synth 8-3848] Net framebuffer in module/entity vga_test does not have driver. [C:/Users/JosephThompson/VivadoProjects/Ex1/Ex1.srcs/sources_1/new/top.v:14]
WARNING: [Synth 8-3848] Net framebuffer in module/entity vga_test does not have driver. [C:/Users/JosephThompson/VivadoProjects/Ex1/Ex1.srcs/sources_1/new/top.v:14]
WARNING: [Synth 8-3848] Net framebuffer in module/entity vga_test does not have driver. [C:/Users/JosephThompson/VivadoProjects/Ex1/Ex1.srcs/sources_1/new/top.v:14]
WARNING: [Synth 8-3848] Net framebuffer in module/entity vga_test does not have driver. [C:/Users/JosephThompson/VivadoProjects/Ex1/Ex1.srcs/sources_1/new/top.v:14]
WARNING: [Synth 8-3848] Net framebuffer in module/entity vga_test does not have driver. [C:/Users/JosephThompson/VivadoProjects/Ex1/Ex1.srcs/sources_1/new/top.v:14]
WARNING: [Synth 8-3848] Net framebuffer in module/entity vga_test does not have driver. [C:/Users/JosephThompson/VivadoProjects/Ex1/Ex1.srcs/sources_1/new/top.v:14]
WARNING: [Synth 8-3848] Net framebuffer in module/entity vga_test does not have driver. [C:/Users/JosephThompson/VivadoProjects/Ex1/Ex1.srcs/sources_1/new/top.v:14]
WARNING: [Synth 8-3848] Net framebuffer in module/entity vga_test does not have driver. [C:/Users/JosephThompson/VivadoProjects/Ex1/Ex1.srcs/sources_1/new/top.v:14]
WARNING: [Synth 8-3848] Net framebuffer in module/entity vga_test does not have driver. [C:/Users/JosephThompson/VivadoProjects/Ex1/Ex1.srcs/sources_1/new/top.v:14]
WARNING: [Synth 8-3848] Net framebuffer in module/entity vga_test does not have driver. [C:/Users/JosephThompson/VivadoProjects/Ex1/Ex1.srcs/sources_1/new/top.v:14]
WARNING: [Synth 8-3848] Net framebuffer in module/entity vga_test does not have driver. [C:/Users/JosephThompson/VivadoProjects/Ex1/Ex1.srcs/sources_1/new/top.v:14]
WARNING: [Synth 8-3848] Net framebuffer in module/entity vga_test does not have driver. [C:/Users/JosephThompson/VivadoProjects/Ex1/Ex1.srcs/sources_1/new/top.v:14]
WARNING: [Synth 8-3848] Net framebuffer in module/entity vga_test does not have driver. [C:/Users/JosephThompson/VivadoProjects/Ex1/Ex1.srcs/sources_1/new/top.v:14]
WARNING: [Synth 8-3848] Net framebuffer in module/entity vga_test does not have driver. [C:/Users/JosephThompson/VivadoProjects/Ex1/Ex1.srcs/sources_1/new/top.v:14]
INFO: [Common 17-14] Message 'Synth 8-3848' appears 100 times and further instances of the messages will be disabled. Use the Tcl command set_msg_config to change the current settings.
WARNING: [Synth 8-7129] Port sw[11] in module vga_test is either unconnected or has no load
WARNING: [Synth 8-7129] Port sw[10] in module vga_test is either unconnected or has no load
WARNING: [Synth 8-7129] Port sw[9] in module vga_test is either unconnected or has no load
WARNING: [Synth 8-7129] Port sw[8] in module vga_test is either unconnected or has no load
WARNING: [Synth 8-7129] Port sw[7] in module vga_test is either unconnected or has no load
WARNING: [Synth 8-7129] Port sw[6] in module vga_test is either unconnected or has no load
WARNING: [Synth 8-7129] Port sw[5] in module vga_test is either unconnected or has no load
WARNING: [Synth 8-7129] Port sw[4] in module vga_test is either unconnected or has no load
WARNING: [Synth 8-7129] Port sw[3] in module vga_test is either unconnected or has no load
WARNING: [Synth 8-7129] Port sw[2] in module vga_test is either unconnected or has no load
WARNING: [Synth 8-7129] Port sw[1] in module vga_test is either unconnected or has no load
WARNING: [Synth 8-7129] Port sw[0] in module vga_test is either unconnected or has no load
---------------------------------------------------------------------------------
Finished RTL Elaboration : Time (s): cpu = 00:00:14 ; elapsed = 00:00:44 . Memory (MB): peak = 2123.031 ; gain = 1240.855
---------------------------------------------------------------------------------
---------------------------------------------------------------------------------
Start Handling Custom Attributes
---------------------------------------------------------------------------------
---------------------------------------------------------------------------------
Finished Handling Custom Attributes : Time (s): cpu = 00:00:14 ; elapsed = 00:00:44 . Memory (MB): peak = 2123.031 ; gain = 1240.855
---------------------------------------------------------------------------------
---------------------------------------------------------------------------------
Finished RTL Optimization Phase 1 : Time (s): cpu = 00:00:14 ; elapsed = 00:00:44 . Memory (MB): peak = 2123.031 ; gain = 1240.855
---------------------------------------------------------------------------------
Netlist sorting complete. Time (s): cpu = 00:00:00 ; elapsed = 00:00:01 . Memory (MB): peak = 2123.031 ; gain = 0.000
INFO: [Project 1-570] Preparing netlist for logic optimization

Processing XDC Constraints
Initializing timing engine
Parsing XDC File [C:/Users/JosephThompson/VivadoProjects/Ex1/Ex1.srcs/constrs_1/imports/Downloads/Basys-3-Master.xdc]
Finished Parsing XDC File [C:/Users/JosephThompson/VivadoProjects/Ex1/Ex1.srcs/constrs_1/imports/Downloads/Basys-3-Master.xdc]
INFO: [Project 1-236] Implementation specific constraints were found while reading constraint file [C:/Users/JosephThompson/VivadoProjects/Ex1/Ex1.srcs/constrs_1/imports/Downloads/Basys-3-Master.xdc]. These constraints will be ignored for synthesis but will be used in implementation. Impacted constraints are listed in the file [.Xil/vga_test_propImpl.xdc].
Resolution: To avoid this warning, move constraints listed in [.Xil/vga_test_propImpl.xdc] to another XDC file and exclude this new file from synthesis with the used_in_synthesis property (File Properties dialog in GUI) and re-run elaboration/synthesis.
Completed Processing XDC Constraints

Netlist sorting complete. Time (s): cpu = 00:00:00 ; elapsed = 00:00:00 . Memory (MB): peak = 3025.938 ; gain = 0.000
INFO: [Project 1-111] Unisim Transformation Summary:
No Unisim elements were transformed.

The system cannot find the path specified.
Constraint Validation Runtime : Time (s): cpu = 00:00:00 ; elapsed = 00:00:00.007 . Memory (MB): peak = 3025.938 ; gain = 0.000
INFO: [Designutils 20-5440] No compile time benefit to using incremental synthesis; A full resynthesis will be run
INFO: [Designutils 20-4379] Flow is switching to default flow due to incremental criteria not met. If you would like to alter this behaviour and have the flow terminate instead, please set the following parameter config_implementation {autoIncr.Synth.RejectBehavior Terminate}
---------------------------------------------------------------------------------
Finished Constraint Validation : Time (s): cpu = 00:01:04 ; elapsed = 00:03:22 . Memory (MB): peak = 3025.938 ; gain = 2143.762
---------------------------------------------------------------------------------
---------------------------------------------------------------------------------
Start Loading Part and Timing Information
---------------------------------------------------------------------------------
Loading part: xc7a35tcpg236-1
---------------------------------------------------------------------------------
Finished Loading Part and Timing Information : Time (s): cpu = 00:01:04 ; elapsed = 00:03:22 . Memory (MB): peak = 3025.938 ; gain = 2143.762
---------------------------------------------------------------------------------
---------------------------------------------------------------------------------
Start Applying 'set_property' XDC Constraints
---------------------------------------------------------------------------------
---------------------------------------------------------------------------------
Finished applying 'set_property' XDC Constraints : Time (s): cpu = 00:01:04 ; elapsed = 00:03:22 . Memory (MB): peak = 3025.938 ; gain = 2143.762
---------------------------------------------------------------------------------
---------------------------------------------------------------------------------
Finished RTL Optimization Phase 2 : Time (s): cpu = 00:01:50 ; elapsed = 00:04:41 . Memory (MB): peak = 3025.938 ; gain = 2143.762
---------------------------------------------------------------------------------
---------------------------------------------------------------------------------
Start RTL Component Statistics 
---------------------------------------------------------------------------------
Detailed RTL Component Info : 
+---Adders : 
	   2 Input   10 Bit       Adders := 2     
	   2 Input    2 Bit       Adders := 1     
+---Registers : 
	               12 Bit    Registers := 1     
	               10 Bit    Registers := 4     
	                2 Bit    Registers := 1     
	                1 Bit    Registers := 2     
+---Muxes : 
	   2 Input   12 Bit        Muxes := 1     
	   2 Input    1 Bit        Muxes := 1     
---------------------------------------------------------------------------------
Finished RTL Component Statistics 
---------------------------------------------------------------------------------
---------------------------------------------------------------------------------
Start Part Resource Summary
---------------------------------------------------------------------------------
Part Resources:
DSPs: 90 (col length:60)
BRAMs: 100 (col length: RAMB18 60 RAMB36 30)
---------------------------------------------------------------------------------
Finished Part Resource Summary
---------------------------------------------------------------------------------
---------------------------------------------------------------------------------
Start Cross Boundary and Area Optimization
---------------------------------------------------------------------------------
WARNING: [Synth 8-7080] Parallel synthesis criteria is not met
WARNING: [Synth 8-7129] Port sw[11] in module vga_test is either unconnected or has no load
WARNING: [Synth 8-7129] Port sw[10] in module vga_test is either unconnected or has no load
WARNING: [Synth 8-7129] Port sw[9] in module vga_test is either unconnected or has no load
WARNING: [Synth 8-7129] Port sw[8] in module vga_test is either unconnected or has no load
WARNING: [Synth 8-7129] Port sw[7] in module vga_test is either unconnected or has no load
WARNING: [Synth 8-7129] Port sw[6] in module vga_test is either unconnected or has no load
WARNING: [Synth 8-7129] Port sw[5] in module vga_test is either unconnected or has no load
WARNING: [Synth 8-7129] Port sw[4] in module vga_test is either unconnected or has no load
WARNING: [Synth 8-7129] Port sw[3] in module vga_test is either unconnected or has no load
WARNING: [Synth 8-7129] Port sw[2] in module vga_test is either unconnected or has no load
WARNING: [Synth 8-7129] Port sw[1] in module vga_test is either unconnected or has no load
WARNING: [Synth 8-7129] Port sw[0] in module vga_test is either unconnected or has no load
---------------------------------------------------------------------------------
Finished Cross Boundary and Area Optimization : Time (s): cpu = 00:02:27 ; elapsed = 00:05:57 . Memory (MB): peak = 3025.938 ; gain = 2143.762
---------------------------------------------------------------------------------
---------------------------------------------------------------------------------
Start Applying XDC Timing Constraints
---------------------------------------------------------------------------------
---------------------------------------------------------------------------------
Finished Applying XDC Timing Constraints : Time (s): cpu = 00:02:31 ; elapsed = 00:06:03 . Memory (MB): peak = 3025.938 ; gain = 2143.762
---------------------------------------------------------------------------------
---------------------------------------------------------------------------------
Start Timing Optimization
---------------------------------------------------------------------------------
---------------------------------------------------------------------------------
Finished Timing Optimization : Time (s): cpu = 00:02:31 ; elapsed = 00:06:03 . Memory (MB): peak = 3025.938 ; gain = 2143.762
---------------------------------------------------------------------------------
---------------------------------------------------------------------------------
Start Technology Mapping
---------------------------------------------------------------------------------
---------------------------------------------------------------------------------
Finished Technology Mapping : Time (s): cpu = 00:02:31 ; elapsed = 00:06:03 . Memory (MB): peak = 3025.938 ; gain = 2143.762
---------------------------------------------------------------------------------
---------------------------------------------------------------------------------
Start IO Insertion
---------------------------------------------------------------------------------
---------------------------------------------------------------------------------
Start Flattening Before IO Insertion
---------------------------------------------------------------------------------
---------------------------------------------------------------------------------
Finished Flattening Before IO Insertion
---------------------------------------------------------------------------------
---------------------------------------------------------------------------------
Start Final Netlist Cleanup
---------------------------------------------------------------------------------
---------------------------------------------------------------------------------
Finished Final Netlist Cleanup
---------------------------------------------------------------------------------
---------------------------------------------------------------------------------
Finished IO Insertion : Time (s): cpu = 00:02:33 ; elapsed = 00:06:08 . Memory (MB): peak = 3025.938 ; gain = 2143.762
---------------------------------------------------------------------------------
---------------------------------------------------------------------------------
Start Renaming Generated Instances
---------------------------------------------------------------------------------
---------------------------------------------------------------------------------
Finished Renaming Generated Instances : Time (s): cpu = 00:02:33 ; elapsed = 00:06:08 . Memory (MB): peak = 3025.938 ; gain = 2143.762
---------------------------------------------------------------------------------
---------------------------------------------------------------------------------
Start Rebuilding User Hierarchy
---------------------------------------------------------------------------------
---------------------------------------------------------------------------------
Finished Rebuilding User Hierarchy : Time (s): cpu = 00:02:33 ; elapsed = 00:06:08 . Memory (MB): peak = 3025.938 ; gain = 2143.762
---------------------------------------------------------------------------------
---------------------------------------------------------------------------------
Start Renaming Generated Ports
---------------------------------------------------------------------------------
---------------------------------------------------------------------------------
Finished Renaming Generated Ports : Time (s): cpu = 00:02:33 ; elapsed = 00:06:08 . Memory (MB): peak = 3025.938 ; gain = 2143.762
---------------------------------------------------------------------------------
---------------------------------------------------------------------------------
Start Handling Custom Attributes
---------------------------------------------------------------------------------
---------------------------------------------------------------------------------
Finished Handling Custom Attributes : Time (s): cpu = 00:02:33 ; elapsed = 00:06:08 . Memory (MB): peak = 3025.938 ; gain = 2143.762
---------------------------------------------------------------------------------
---------------------------------------------------------------------------------
Start Renaming Generated Nets
---------------------------------------------------------------------------------
---------------------------------------------------------------------------------
Finished Renaming Generated Nets : Time (s): cpu = 00:02:33 ; elapsed = 00:06:08 . Memory (MB): peak = 3025.938 ; gain = 2143.762
---------------------------------------------------------------------------------
---------------------------------------------------------------------------------
Start Writing Synthesis Report
---------------------------------------------------------------------------------

Report BlackBoxes: 
+-+--------------+----------+
| |BlackBox name |Instances |
+-+--------------+----------+
+-+--------------+----------+

Report Cell Usage: 
+------+-----+------+
|      |Cell |Count |
+------+-----+------+
|1     |BUFG |     1|
|2     |LUT1 |     2|
|3     |LUT2 |     5|
|4     |LUT3 |     2|
|5     |LUT4 |     5|
|6     |LUT5 |    10|
|7     |LUT6 |    10|
|8     |FDCE |    44|
|9     |IBUF |     2|
|10    |OBUF |    14|
+------+-----+------+
---------------------------------------------------------------------------------
Finished Writing Synthesis Report : Time (s): cpu = 00:02:33 ; elapsed = 00:06:08 . Memory (MB): peak = 3025.938 ; gain = 2143.762
---------------------------------------------------------------------------------
Synthesis finished with 0 errors, 0 critical warnings and 13 warnings.
Synthesis Optimization Runtime : Time (s): cpu = 00:01:36 ; elapsed = 00:03:43 . Memory (MB): peak = 3025.938 ; gain = 1240.855
Synthesis Optimization Complete : Time (s): cpu = 00:02:33 ; elapsed = 00:06:08 . Memory (MB): peak = 3025.938 ; gain = 2143.762
INFO: [Project 1-571] Translating synthesized netlist
Netlist sorting complete. Time (s): cpu = 00:00:00 ; elapsed = 00:00:00.001 . Memory (MB): peak = 3025.938 ; gain = 0.000
INFO: [Project 1-570] Preparing netlist for logic optimization
INFO: [Opt 31-138] Pushed 0 inverter(s) to 0 load pin(s).
Netlist sorting complete. Time (s): cpu = 00:00:00 ; elapsed = 00:00:00 . Memory (MB): peak = 3025.938 ; gain = 0.000
INFO: [Project 1-111] Unisim Transformation Summary:
No Unisim elements were transformed.

The system cannot find the path specified.
Synth Design complete | Checksum: 16c6eb12
INFO: [Common 17-83] Releasing license: Synthesis
24 Infos, 126 Warnings, 0 Critical Warnings and 0 Errors encountered.
synth_design completed successfully
synth_design: Time (s): cpu = 00:02:35 ; elapsed = 00:06:13 . Memory (MB): peak = 3025.938 ; gain = 2534.840
Write ShapeDB Complete: Time (s): cpu = 00:00:00 ; elapsed = 00:00:00.001 . Memory (MB): peak = 3025.938 ; gain = 0.000
INFO: [Common 17-1381] The checkpoint 'C:/Users/JosephThompson/VivadoProjects/Ex1/Ex1.runs/synth_1/vga_test.dcp' has been generated.
INFO: [runtcl-4] Executing : report_utilization -file vga_test_utilization_synth.rpt -pb vga_test_utilization_synth.pb
INFO: [Common 17-206] Exiting Vivado at Mon May 26 17:19:12 2025...
